Compiling the C compiler identification source file "CMakeCCompilerId.c" failed.
Compiler: /usr/bin/cc 
Build flags: 
Id flags:  

The output was:
1
/usr/bin/ld: cannot find Scrt1.o: No such file or directory
/usr/bin/ld: cannot find crti.o: No such file or directory
collect2: error: ld returned 1 exit status


Compiling the CXX compiler identification source file "CMakeCXXCompilerId.cpp" failed.
Compiler: CMAKE_CXX_COMPILER-NOTFOUND 
Build flags: 
Id flags:  

The output was:
No such file or directory


Compiling the CXX compiler identification source file "CMakeCXXCompilerId.cpp" failed.
Compiler: CMAKE_CXX_COMPILER-NOTFOUND 
Build flags: 
Id flags: -c 

The output was:
No such file or directory


Compiling the CXX compiler identification source file "CMakeCXXCompilerId.cpp" failed.
Compiler: CMAKE_CXX_COMPILER-NOTFOUND 
Build flags: 
Id flags: --c++ 

The output was:
No such file or directory


Compiling the CXX compiler identification source file "CMakeCXXCompilerId.cpp" failed.
Compiler: CMAKE_CXX_COMPILER-NOTFOUND 
Build flags: 
Id flags: --ec++ 

The output was:
No such file or directory


Compiling the CXX compiler identification source file "CMakeCXXCompilerId.cpp" failed.
Compiler: CMAKE_CXX_COMPILER-NOTFOUND 
Build flags: 
Id flags: --target=arm-arm-none-eabi;-mcpu=cortex-m3 

The output was:
No such file or directory


Compiling the CXX compiler identification source file "CMakeCXXCompilerId.cpp" failed.
Compiler: CMAKE_CXX_COMPILER-NOTFOUND 
Build flags: 
Id flags: -c;-I__does_not_exist__ 

The output was:
No such file or directory


Compiling the CXX compiler identification source file "CMakeCXXCompilerId.cpp" failed.
Compiler: CMAKE_CXX_COMPILER-NOTFOUND 
Build flags: 
Id flags:  

The output was:
No such file or directory


Compiling the CXX compiler identification source file "CMakeCXXCompilerId.cpp" failed.
Compiler: CMAKE_CXX_COMPILER-NOTFOUND 
Build flags: 
Id flags: -c 

The output was:
No such file or directory


Compiling the CXX compiler identification source file "CMakeCXXCompilerId.cpp" failed.
Compiler: CMAKE_CXX_COMPILER-NOTFOUND 
Build flags: 
Id flags: --c++ 

The output was:
No such file or directory


Compiling the CXX compiler identification source file "CMakeCXXCompilerId.cpp" failed.
Compiler: CMAKE_CXX_COMPILER-NOTFOUND 
Build flags: 
Id flags: --ec++ 

The output was:
No such file or directory


Compiling the CXX compiler identification source file "CMakeCXXCompilerId.cpp" failed.
Compiler: CMAKE_CXX_COMPILER-NOTFOUND 
Build flags: 
Id flags: --target=arm-arm-none-eabi;-mcpu=cortex-m3 

The output was:
No such file or directory


Compiling the CXX compiler identification source file "CMakeCXXCompilerId.cpp" failed.
Compiler: CMAKE_CXX_COMPILER-NOTFOUND 
Build flags: 
Id flags: -c;-I__does_not_exist__ 

The output was:
No such file or directory


Detecting C compiler ABI info failed to compile with the following output:
Change Dir: /home/kim/Documents/code/mio/backend_webrtc_cpp/isolated_cmake_environment/build/CMakeFiles/CMakeTmp

Run Build Command(s):/usr/bin/gmake -f Makefile cmTC_08b67/fast && /usr/bin/gmake  -f CMakeFiles/cmTC_08b67.dir/build.make CMakeFiles/cmTC_08b67.dir/build
gmake[1]: Entering directory '/home/kim/Documents/code/mio/backend_webrtc_cpp/isolated_cmake_environment/build/CMakeFiles/CMakeTmp'
Building C object CMakeFiles/cmTC_08b67.dir/CMakeCCompilerABI.c.o
/usr/bin/cc   -v -o CMakeFiles/cmTC_08b67.dir/CMakeCCompilerABI.c.o -c /usr/share/cmake-3.22/Modules/CMakeCCompilerABI.c
Using built-in specs.
COLLECT_GCC=/usr/bin/cc
OFFLOAD_TARGET_NAMES=nvptx-none:amdgcn-amdhsa
OFFLOAD_TARGET_DEFAULT=1
Target: x86_64-linux-gnu
Configured with: ../src/configure -v --with-pkgversion='Ubuntu 11.4.0-1ubuntu1~22.04' --with-bugurl=file:///usr/share/doc/gcc-11/README.Bugs --enable-languages=c,ada,c++,go,brig,d,fortran,objc,obj-c++,m2 --prefix=/usr --with-gcc-major-version-only --program-suffix=-11 --program-prefix=x86_64-linux-gnu- --enable-shared --enable-linker-build-id --libexecdir=/usr/lib --without-included-gettext --enable-threads=posix --libdir=/usr/lib --enable-nls --enable-bootstrap --enable-clocale=gnu --enable-libstdcxx-debug --enable-libstdcxx-time=yes --with-default-libstdcxx-abi=new --enable-gnu-unique-object --disable-vtable-verify --enable-plugin --enable-default-pie --with-system-zlib --enable-libphobos-checking=release --with-target-system-zlib=auto --enable-objc-gc=auto --enable-multiarch --disable-werror --enable-cet --with-arch-32=i686 --with-abi=m64 --with-multilib-list=m32,m64,mx32 --enable-multilib --with-tune=generic --enable-offload-targets=nvptx-none=/build/gcc-11-XeT9lY/gcc-11-11.4.0/debian/tmp-nvptx/usr,amdgcn-amdhsa=/build/gcc-11-XeT9lY/gcc-11-11.4.0/debian/tmp-gcn/usr --without-cuda-driver --enable-checking=release --build=x86_64-linux-gnu --host=x86_64-linux-gnu --target=x86_64-linux-gnu --with-build-config=bootstrap-lto-lean --enable-link-serialization=2
Thread model: posix
Supported LTO compression algorithms: zlib zstd
gcc version 11.4.0 (Ubuntu 11.4.0-1ubuntu1~22.04) 
COLLECT_GCC_OPTIONS='-v' '-o' 'CMakeFiles/cmTC_08b67.dir/CMakeCCompilerABI.c.o' '-c' '-mtune=generic' '-march=x86-64' '-dumpdir' 'CMakeFiles/cmTC_08b67.dir/'
 /usr/lib/gcc/x86_64-linux-gnu/11/cc1 -quiet -v -imultiarch x86_64-linux-gnu /usr/share/cmake-3.22/Modules/CMakeCCompilerABI.c -quiet -dumpdir CMakeFiles/cmTC_08b67.dir/ -dumpbase CMakeCCompilerABI.c.c -dumpbase-ext .c -mtune=generic -march=x86-64 -version -fasynchronous-unwind-tables -fstack-protector-strong -Wformat -Wformat-security -fstack-clash-protection -fcf-protection -o /tmp/ccE495c9.s
GNU C17 (Ubuntu 11.4.0-1ubuntu1~22.04) version 11.4.0 (x86_64-linux-gnu)
	compiled by GNU C version 11.4.0, GMP version 6.2.1, MPFR version 4.1.0, MPC version 1.2.1, isl version isl-0.24-GMP

GGC heuristics: --param ggc-min-expand=100 --param ggc-min-heapsize=131072
ignoring nonexistent directory "/usr/local/include/x86_64-linux-gnu"
ignoring nonexistent directory "/usr/lib/gcc/x86_64-linux-gnu/11/include-fixed"
ignoring nonexistent directory "/usr/lib/gcc/x86_64-linux-gnu/11/../../../../x86_64-linux-gnu/include"
#include "..." search starts here:
#include <...> search starts here:
 /usr/lib/gcc/x86_64-linux-gnu/11/include
 /usr/local/include
 /usr/include/x86_64-linux-gnu
 /usr/include
End of search list.
GNU C17 (Ubuntu 11.4.0-1ubuntu1~22.04) version 11.4.0 (x86_64-linux-gnu)
	compiled by GNU C version 11.4.0, GMP version 6.2.1, MPFR version 4.1.0, MPC version 1.2.1, isl version isl-0.24-GMP

GGC heuristics: --param ggc-min-expand=100 --param ggc-min-heapsize=131072
Compiler executable checksum: 50eaa2331df977b8016186198deb2d18
COLLECT_GCC_OPTIONS='-v' '-o' 'CMakeFiles/cmTC_08b67.dir/CMakeCCompilerABI.c.o' '-c' '-mtune=generic' '-march=x86-64' '-dumpdir' 'CMakeFiles/cmTC_08b67.dir/'
 as -v --64 -o CMakeFiles/cmTC_08b67.dir/CMakeCCompilerABI.c.o /tmp/ccE495c9.s
GNU assembler version 2.38 (x86_64-linux-gnu) using BFD version (GNU Binutils for Ubuntu) 2.38
COMPILER_PATH=/usr/lib/gcc/x86_64-linux-gnu/11/:/usr/lib/gcc/x86_64-linux-gnu/11/:/usr/lib/gcc/x86_64-linux-gnu/:/usr/lib/gcc/x86_64-linux-gnu/11/:/usr/lib/gcc/x86_64-linux-gnu/
LIBRARY_PATH=/usr/lib/gcc/x86_64-linux-gnu/11/:/usr/lib/gcc/x86_64-linux-gnu/11/../../../x86_64-linux-gnu/:/usr/lib/gcc/x86_64-linux-gnu/11/../../../../lib/:/lib/x86_64-linux-gnu/:/lib/../lib/:/usr/lib/x86_64-linux-gnu/:/usr/lib/../lib/:/usr/lib/gcc/x86_64-linux-gnu/11/../../../:/lib/:/usr/lib/
COLLECT_GCC_OPTIONS='-v' '-o' 'CMakeFiles/cmTC_08b67.dir/CMakeCCompilerABI.c.o' '-c' '-mtune=generic' '-march=x86-64' '-dumpdir' 'CMakeFiles/cmTC_08b67.dir/CMakeCCompilerABI.c.'
Linking C executable cmTC_08b67
/usr/bin/cmake -E cmake_link_script CMakeFiles/cmTC_08b67.dir/link.txt --verbose=1
/usr/bin/cc  -v CMakeFiles/cmTC_08b67.dir/CMakeCCompilerABI.c.o -o cmTC_08b67 
Using built-in specs.
COLLECT_GCC=/usr/bin/cc
COLLECT_LTO_WRAPPER=/usr/lib/gcc/x86_64-linux-gnu/11/lto-wrapper
OFFLOAD_TARGET_NAMES=nvptx-none:amdgcn-amdhsa
OFFLOAD_TARGET_DEFAULT=1
Target: x86_64-linux-gnu
Configured with: ../src/configure -v --with-pkgversion='Ubuntu 11.4.0-1ubuntu1~22.04' --with-bugurl=file:///usr/share/doc/gcc-11/README.Bugs --enable-languages=c,ada,c++,go,brig,d,fortran,objc,obj-c++,m2 --prefix=/usr --with-gcc-major-version-only --program-suffix=-11 --program-prefix=x86_64-linux-gnu- --enable-shared --enable-linker-build-id --libexecdir=/usr/lib --without-included-gettext --enable-threads=posix --libdir=/usr/lib --enable-nls --enable-bootstrap --enable-clocale=gnu --enable-libstdcxx-debug --enable-libstdcxx-time=yes --with-default-libstdcxx-abi=new --enable-gnu-unique-object --disable-vtable-verify --enable-plugin --enable-default-pie --with-system-zlib --enable-libphobos-checking=release --with-target-system-zlib=auto --enable-objc-gc=auto --enable-multiarch --disable-werror --enable-cet --with-arch-32=i686 --with-abi=m64 --with-multilib-list=m32,m64,mx32 --enable-multilib --with-tune=generic --enable-offload-targets=nvptx-none=/build/gcc-11-XeT9lY/gcc-11-11.4.0/debian/tmp-nvptx/usr,amdgcn-amdhsa=/build/gcc-11-XeT9lY/gcc-11-11.4.0/debian/tmp-gcn/usr --without-cuda-driver --enable-checking=release --build=x86_64-linux-gnu --host=x86_64-linux-gnu --target=x86_64-linux-gnu --with-build-config=bootstrap-lto-lean --enable-link-serialization=2
Thread model: posix
Supported LTO compression algorithms: zlib zstd
gcc version 11.4.0 (Ubuntu 11.4.0-1ubuntu1~22.04) 
COMPILER_PATH=/usr/lib/gcc/x86_64-linux-gnu/11/:/usr/lib/gcc/x86_64-linux-gnu/11/:/usr/lib/gcc/x86_64-linux-gnu/:/usr/lib/gcc/x86_64-linux-gnu/11/:/usr/lib/gcc/x86_64-linux-gnu/
LIBRARY_PATH=/usr/lib/gcc/x86_64-linux-gnu/11/:/usr/lib/gcc/x86_64-linux-gnu/11/../../../x86_64-linux-gnu/:/usr/lib/gcc/x86_64-linux-gnu/11/../../../../lib/:/lib/x86_64-linux-gnu/:/lib/../lib/:/usr/lib/x86_64-linux-gnu/:/usr/lib/../lib/:/usr/lib/gcc/x86_64-linux-gnu/11/../../../:/lib/:/usr/lib/
COLLECT_GCC_OPTIONS='-v' '-o' 'cmTC_08b67' '-mtune=generic' '-march=x86-64' '-dumpdir' 'cmTC_08b67.'
 /usr/lib/gcc/x86_64-linux-gnu/11/collect2 -plugin /usr/lib/gcc/x86_64-linux-gnu/11/liblto_plugin.so -plugin-opt=/usr/lib/gcc/x86_64-linux-gnu/11/lto-wrapper -plugin-opt=-fresolution=/tmp/ccupagrO.res -plugin-opt=-pass-through=-lgcc -plugin-opt=-pass-through=-lgcc_s -plugin-opt=-pass-through=-lc -plugin-opt=-pass-through=-lgcc -plugin-opt=-pass-through=-lgcc_s --build-id --eh-frame-hdr -m elf_x86_64 --hash-style=gnu --as-needed -dynamic-linker /lib64/ld-linux-x86-64.so.2 -pie -z now -z relro -o cmTC_08b67 Scrt1.o crti.o /usr/lib/gcc/x86_64-linux-gnu/11/crtbeginS.o -L/usr/lib/gcc/x86_64-linux-gnu/11 -L/usr/lib/gcc/x86_64-linux-gnu/11/../../../x86_64-linux-gnu -L/usr/lib/gcc/x86_64-linux-gnu/11/../../../../lib -L/lib/x86_64-linux-gnu -L/lib/../lib -L/usr/lib/x86_64-linux-gnu -L/usr/lib/../lib -L/usr/lib/gcc/x86_64-linux-gnu/11/../../.. CMakeFiles/cmTC_08b67.dir/CMakeCCompilerABI.c.o -lgcc --push-state --as-needed -lgcc_s --pop-state -lc -lgcc --push-state --as-needed -lgcc_s --pop-state /usr/lib/gcc/x86_64-linux-gnu/11/crtendS.o crtn.o
/usr/bin/ld: cannot find Scrt1.o: No such file or directory
/usr/bin/ld: cannot find crti.o: No such file or directory
collect2: error: ld returned 1 exit status
gmake[1]: *** [CMakeFiles/cmTC_08b67.dir/build.make:99: cmTC_08b67] Error 1
gmake[1]: Leaving directory '/home/kim/Documents/code/mio/backend_webrtc_cpp/isolated_cmake_environment/build/CMakeFiles/CMakeTmp'
gmake: *** [Makefile:127: cmTC_08b67/fast] Error 2




Determining if the C compiler works failed with the following output:
Change Dir: /home/kim/Documents/code/mio/backend_webrtc_cpp/isolated_cmake_environment/build/CMakeFiles/CMakeTmp

Run Build Command(s):/usr/bin/gmake -f Makefile cmTC_a8347/fast && /usr/bin/gmake  -f CMakeFiles/cmTC_a8347.dir/build.make CMakeFiles/cmTC_a8347.dir/build
gmake[1]: Entering directory '/home/kim/Documents/code/mio/backend_webrtc_cpp/isolated_cmake_environment/build/CMakeFiles/CMakeTmp'
Building C object CMakeFiles/cmTC_a8347.dir/testCCompiler.c.o
/usr/bin/cc    -o CMakeFiles/cmTC_a8347.dir/testCCompiler.c.o -c /home/kim/Documents/code/mio/backend_webrtc_cpp/isolated_cmake_environment/build/CMakeFiles/CMakeTmp/testCCompiler.c
Linking C executable cmTC_a8347
/usr/bin/cmake -E cmake_link_script CMakeFiles/cmTC_a8347.dir/link.txt --verbose=1
/usr/bin/cc CMakeFiles/cmTC_a8347.dir/testCCompiler.c.o -o cmTC_a8347 
/usr/bin/ld: cannot find Scrt1.o: No such file or directory
/usr/bin/ld: cannot find crti.o: No such file or directory
collect2: error: ld returned 1 exit status
gmake[1]: *** [CMakeFiles/cmTC_a8347.dir/build.make:99: cmTC_a8347] Error 1
gmake[1]: Leaving directory '/home/kim/Documents/code/mio/backend_webrtc_cpp/isolated_cmake_environment/build/CMakeFiles/CMakeTmp'
gmake: *** [Makefile:127: cmTC_a8347/fast] Error 2



Performing C++ SOURCE FILE Test QUADMATH_FOUND failed with the following output:
Change Dir: /home/kim/Documents/code/mio/backend_webrtc_cpp/isolated_cmake_environment/build/CMakeFiles/CMakeTmp

Run Build Command(s):/usr/bin/gmake -f Makefile cmTC_a6af6/fast && /usr/bin/gmake  -f CMakeFiles/cmTC_a6af6.dir/build.make CMakeFiles/cmTC_a6af6.dir/build
gmake[1]: Entering directory '/home/kim/Documents/code/mio/backend_webrtc_cpp/isolated_cmake_environment/build/CMakeFiles/CMakeTmp'
Building CXX object CMakeFiles/cmTC_a6af6.dir/src.cxx.o
/usr/bin/c++ -DQUADMATH_FOUND  -std=gnu++20 -o CMakeFiles/cmTC_a6af6.dir/src.cxx.o -c /home/kim/Documents/code/mio/backend_webrtc_cpp/isolated_cmake_environment/build/CMakeFiles/CMakeTmp/src.cxx
/home/kim/Documents/code/mio/backend_webrtc_cpp/isolated_cmake_environment/build/CMakeFiles/CMakeTmp/src.cxx:1:1: error: ‘config’ does not name a type
    1 | config/has_float128.cpp
      | ^~~~~~
gmake[1]: *** [CMakeFiles/cmTC_a6af6.dir/build.make:78: CMakeFiles/cmTC_a6af6.dir/src.cxx.o] Error 1
gmake[1]: Leaving directory '/home/kim/Documents/code/mio/backend_webrtc_cpp/isolated_cmake_environment/build/CMakeFiles/CMakeTmp'
gmake: *** [Makefile:127: cmTC_a6af6/fast] Error 2


Source file was:
config/has_float128.cpp
Performing C++ SOURCE FILE Test BOOST_FILESYSTEM_HAS_STAT_ST_MTIMENSEC failed with the following output:
Change Dir: /home/kim/Documents/code/mio/backend_webrtc_cpp/isolated_cmake_environment/build/CMakeFiles/CMakeTmp

Run Build Command(s):/usr/bin/gmake -f Makefile cmTC_106c0/fast && /usr/bin/gmake  -f CMakeFiles/cmTC_106c0.dir/build.make CMakeFiles/cmTC_106c0.dir/build
gmake[1]: Entering directory '/home/kim/Documents/code/mio/backend_webrtc_cpp/isolated_cmake_environment/build/CMakeFiles/CMakeTmp'
Building CXX object CMakeFiles/cmTC_106c0.dir/src.cxx.o
/usr/bin/c++ -DBOOST_FILESYSTEM_HAS_STAT_ST_MTIMENSEC -I/home/kim/Documents/code/mio/backend_webrtc_cpp/isolated_cmake_environment/build/_deps/boost-src/libs/filesystem/src -I/home/kim/Documents/code/mio/backend_webrtc_cpp/isolated_cmake_environment/build/_deps/boost-src/libs/accumulators/include -I/home/kim/Documents/code/mio/backend_webrtc_cpp/isolated_cmake_environment/build/_deps/boost-src/libs/algorithm/include -I/home/kim/Documents/code/mio/backend_webrtc_cpp/isolated_cmake_environment/build/_deps/boost-src/libs/align/include -I/home/kim/Documents/code/mio/backend_webrtc_cpp/isolated_cmake_environment/build/_deps/boost-src/libs/any/include -I/home/kim/Documents/code/mio/backend_webrtc_cpp/isolated_cmake_environment/build/_deps/boost-src/libs/array/include -I/home/kim/Documents/code/mio/backend_webrtc_cpp/isolated_cmake_environment/build/_deps/boost-src/libs/asio/include -I/home/kim/Documents/code/mio/backend_webrtc_cpp/isolated_cmake_environment/build/_deps/boost-src/libs/assert/include -I/home/kim/Documents/code/mio/backend_webrtc_cpp/isolated_cmake_environment/build/_deps/boost-src/libs/assign/include -I/home/kim/Documents/code/mio/backend_webrtc_cpp/isolated_cmake_environment/build/_deps/boost-src/libs/atomic/include -I/home/kim/Documents/code/mio/backend_webrtc_cpp/isolated_cmake_environment/build/_deps/boost-src/libs/beast/include -I/home/kim/Documents/code/mio/backend_webrtc_cpp/isolated_cmake_environment/build/_deps/boost-src/libs/bimap/include -I/home/kim/Documents/code/mio/backend_webrtc_cpp/isolated_cmake_environment/build/_deps/boost-src/libs/bind/include -I/home/kim/Documents/code/mio/backend_webrtc_cpp/isolated_cmake_environment/build/_deps/boost-src/libs/callable_traits/include -I/home/kim/Documents/code/mio/backend_webrtc_cpp/isolated_cmake_environment/build/_deps/boost-src/libs/charconv/include -I/home/kim/Documents/code/mio/backend_webrtc_cpp/isolated_cmake_environment/build/_deps/boost-src/libs/chrono/include -I/home/kim/Documents/code/mio/backend_webrtc_cpp/isolated_cmake_environment/build/_deps/boost-src/libs/circular_buffer/include -I/home/kim/Documents/code/mio/backend_webrtc_cpp/isolated_cmake_environment/build/_deps/boost-src/libs/cobalt/include -I/home/kim/Documents/code/mio/backend_webrtc_cpp/isolated_cmake_environment/build/_deps/boost-src/libs/compat/include -I/home/kim/Documents/code/mio/backend_webrtc_cpp/isolated_cmake_environment/build/_deps/boost-src/libs/compatibility/include -I/home/kim/Documents/code/mio/backend_webrtc_cpp/isolated_cmake_environment/build/_deps/boost-src/libs/compute/include -I/home/kim/Documents/code/mio/backend_webrtc_cpp/isolated_cmake_environment/build/_deps/boost-src/libs/concept_check/include -I/home/kim/Documents/code/mio/backend_webrtc_cpp/isolated_cmake_environment/build/_deps/boost-src/libs/config/include -I/home/kim/Documents/code/mio/backend_webrtc_cpp/isolated_cmake_environment/build/_deps/boost-src/libs/container/include -I/home/kim/Documents/code/mio/backend_webrtc_cpp/isolated_cmake_environment/build/_deps/boost-src/libs/container_hash/include -I/home/kim/Documents/code/mio/backend_webrtc_cpp/isolated_cmake_environment/build/_deps/boost-src/libs/context/include -I/home/kim/Documents/code/mio/backend_webrtc_cpp/isolated_cmake_environment/build/_deps/boost-src/libs/contract/include -I/home/kim/Documents/code/mio/backend_webrtc_cpp/isolated_cmake_environment/build/_deps/boost-src/libs/conversion/include -I/home/kim/Documents/code/mio/backend_webrtc_cpp/isolated_cmake_environment/build/_deps/boost-src/libs/convert/include -I/home/kim/Documents/code/mio/backend_webrtc_cpp/isolated_cmake_environment/build/_deps/boost-src/libs/core/include -I/home/kim/Documents/code/mio/backend_webrtc_cpp/isolated_cmake_environment/build/_deps/boost-src/libs/coroutine/include -I/home/kim/Documents/code/mio/backend_webrtc_cpp/isolated_cmake_environment/build/_deps/boost-src/libs/coroutine2/include -I/home/kim/Documents/code/mio/backend_webrtc_cpp/isolated_cmake_environment/build/_deps/boost-src/libs/crc/include -I/home/kim/Documents/code/mio/backend_webrtc_cpp/isolated_cmake_environment/build/_deps/boost-src/libs/date_time/include -I/home/kim/Documents/code/mio/backend_webrtc_cpp/isolated_cmake_environment/build/_deps/boost-src/libs/describe/include -I/home/kim/Documents/code/mio/backend_webrtc_cpp/isolated_cmake_environment/build/_deps/boost-src/libs/detail/include -I/home/kim/Documents/code/mio/backend_webrtc_cpp/isolated_cmake_environment/build/_deps/boost-src/libs/dll/include -I/home/kim/Documents/code/mio/backend_webrtc_cpp/isolated_cmake_environment/build/_deps/boost-src/libs/dynamic_bitset/include -I/home/kim/Documents/code/mio/backend_webrtc_cpp/isolated_cmake_environment/build/_deps/boost-src/libs/endian/include -I/home/kim/Documents/code/mio/backend_webrtc_cpp/isolated_cmake_environment/build/_deps/boost-src/libs/exception/include -I/home/kim/Documents/code/mio/backend_webrtc_cpp/isolated_cmake_environment/build/_deps/boost-src/libs/fiber/include -I/home/kim/Documents/code/mio/backend_webrtc_cpp/isolated_cmake_environment/build/_deps/boost-src/libs/filesystem/include -I/home/kim/Documents/code/mio/backend_webrtc_cpp/isolated_cmake_environment/build/_deps/boost-src/libs/flyweight/include -I/home/kim/Documents/code/mio/backend_webrtc_cpp/isolated_cmake_environment/build/_deps/boost-src/libs/foreach/include -I/home/kim/Documents/code/mio/backend_webrtc_cpp/isolated_cmake_environment/build/_deps/boost-src/libs/format/include -I/home/kim/Documents/code/mio/backend_webrtc_cpp/isolated_cmake_environment/build/_deps/boost-src/libs/function/include -I/home/kim/Documents/code/mio/backend_webrtc_cpp/isolated_cmake_environment/build/_deps/boost-src/libs/function_types/include -I/home/kim/Documents/code/mio/backend_webrtc_cpp/isolated_cmake_environment/build/_deps/boost-src/libs/functional/include -I/home/kim/Documents/code/mio/backend_webrtc_cpp/isolated_cmake_environment/build/_deps/boost-src/libs/fusion/include -I/home/kim/Documents/code/mio/backend_webrtc_cpp/isolated_cmake_environment/build/_deps/boost-src/libs/geometry/include -I/home/kim/Documents/code/mio/backend_webrtc_cpp/isolated_cmake_environment/build/_deps/boost-src/libs/gil/include -I/home/kim/Documents/code/mio/backend_webrtc_cpp/isolated_cmake_environment/build/_deps/boost-src/libs/graph/include -I/home/kim/Documents/code/mio/backend_webrtc_cpp/isolated_cmake_environment/build/_deps/boost-src/libs/graph_parallel/include -I/home/kim/Documents/code/mio/backend_webrtc_cpp/isolated_cmake_environment/build/_deps/boost-src/libs/hana/include -I/home/kim/Documents/code/mio/backend_webrtc_cpp/isolated_cmake_environment/build/_deps/boost-src/libs/headers/include -I/home/kim/Documents/code/mio/backend_webrtc_cpp/isolated_cmake_environment/build/_deps/boost-src/libs/heap/include -I/home/kim/Documents/code/mio/backend_webrtc_cpp/isolated_cmake_environment/build/_deps/boost-src/libs/histogram/include -I/home/kim/Documents/code/mio/backend_webrtc_cpp/isolated_cmake_environment/build/_deps/boost-src/libs/hof/include -I/home/kim/Documents/code/mio/backend_webrtc_cpp/isolated_cmake_environment/build/_deps/boost-src/libs/icl/include -I/home/kim/Documents/code/mio/backend_webrtc_cpp/isolated_cmake_environment/build/_deps/boost-src/libs/integer/include -I/home/kim/Documents/code/mio/backend_webrtc_cpp/isolated_cmake_environment/build/_deps/boost-src/libs/interprocess/include -I/home/kim/Documents/code/mio/backend_webrtc_cpp/isolated_cmake_environment/build/_deps/boost-src/libs/intrusive/include -I/home/kim/Documents/code/mio/backend_webrtc_cpp/isolated_cmake_environment/build/_deps/boost-src/libs/io/include -I/home/kim/Documents/code/mio/backend_webrtc_cpp/isolated_cmake_environment/build/_deps/boost-src/libs/iostreams/include -I/home/kim/Documents/code/mio/backend_webrtc_cpp/isolated_cmake_environment/build/_deps/boost-src/libs/iterator/include -I/home/kim/Documents/code/mio/backend_webrtc_cpp/isolated_cmake_environment/build/_deps/boost-src/libs/json/include -I/home/kim/Documents/code/mio/backend_webrtc_cpp/isolated_cmake_environment/build/_deps/boost-src/libs/lambda/include -I/home/kim/Documents/code/mio/backend_webrtc_cpp/isolated_cmake_environment/build/_deps/boost-src/libs/lambda2/include -I/home/kim/Documents/code/mio/backend_webrtc_cpp/isolated_cmake_environment/build/_deps/boost-src/libs/leaf/include -I/home/kim/Documents/code/mio/backend_webrtc_cpp/isolated_cmake_environment/build/_deps/boost-src/libs/lexical_cast/include -I/home/kim/Documents/code/mio/backend_webrtc_cpp/isolated_cmake_environment/build/_deps/boost-src/libs/local_function/include -I/home/kim/Documents/code/mio/backend_webrtc_cpp/isolated_cmake_environment/build/_deps/boost-src/libs/locale/include -I/home/kim/Documents/code/mio/backend_webrtc_cpp/isolated_cmake_environment/build/_deps/boost-src/libs/lockfree/include -I/home/kim/Documents/code/mio/backend_webrtc_cpp/isolated_cmake_environment/build/_deps/boost-src/libs/log/include -I/home/kim/Documents/code/mio/backend_webrtc_cpp/isolated_cmake_environment/build/_deps/boost-src/libs/logic/include -I/home/kim/Documents/code/mio/backend_webrtc_cpp/isolated_cmake_environment/build/_deps/boost-src/libs/math/include -I/home/kim/Documents/code/mio/backend_webrtc_cpp/isolated_cmake_environment/build/_deps/boost-src/libs/metaparse/include -I/home/kim/Documents/code/mio/backend_webrtc_cpp/isolated_cmake_environment/build/_deps/boost-src/libs/move/include -I/home/kim/Documents/code/mio/backend_webrtc_cpp/isolated_cmake_environment/build/_deps/boost-src/libs/mp11/include -I/home/kim/Documents/code/mio/backend_webrtc_cpp/isolated_cmake_environment/build/_deps/boost-src/libs/mpi/include -I/home/kim/Documents/code/mio/backend_webrtc_cpp/isolated_cmake_environment/build/_deps/boost-src/libs/mpl/include -I/home/kim/Documents/code/mio/backend_webrtc_cpp/isolated_cmake_environment/build/_deps/boost-src/libs/msm/include -I/home/kim/Documents/code/mio/backend_webrtc_cpp/isolated_cmake_environment/build/_deps/boost-src/libs/multi_array/include -I/home/kim/Documents/code/mio/backend_webrtc_cpp/isolated_cmake_environment/build/_deps/boost-src/libs/multi_index/include -I/home/kim/Documents/code/mio/backend_webrtc_cpp/isolated_cmake_environment/build/_deps/boost-src/libs/multiprecision/include -I/home/kim/Documents/code/mio/backend_webrtc_cpp/isolated_cmake_environment/build/_deps/boost-src/libs/mysql/include -I/home/kim/Documents/code/mio/backend_webrtc_cpp/isolated_cmake_environment/build/_deps/boost-src/libs/nowide/include -I/home/kim/Documents/code/mio/backend_webrtc_cpp/isolated_cmake_environment/build/_deps/boost-src/libs/optional/include -I/home/kim/Documents/code/mio/backend_webrtc_cpp/isolated_cmake_environment/build/_deps/boost-src/libs/outcome/include -I/home/kim/Documents/code/mio/backend_webrtc_cpp/isolated_cmake_environment/build/_deps/boost-src/libs/parameter/include -I/home/kim/Documents/code/mio/backend_webrtc_cpp/isolated_cmake_environment/build/_deps/boost-src/libs/parameter_python/include -I/home/kim/Documents/code/mio/backend_webrtc_cpp/isolated_cmake_environment/build/_deps/boost-src/libs/pfr/include -I/home/kim/Documents/code/mio/backend_webrtc_cpp/isolated_cmake_environment/build/_deps/boost-src/libs/phoenix/include -I/home/kim/Documents/code/mio/backend_webrtc_cpp/isolated_cmake_environment/build/_deps/boost-src/libs/poly_collection/include -I/home/kim/Documents/code/mio/backend_webrtc_cpp/isolated_cmake_environment/build/_deps/boost-src/libs/polygon/include -I/home/kim/Documents/code/mio/backend_webrtc_cpp/isolated_cmake_environment/build/_deps/boost-src/libs/pool/include -I/home/kim/Documents/code/mio/backend_webrtc_cpp/isolated_cmake_environment/build/_deps/boost-src/libs/predef/include -I/home/kim/Documents/code/mio/backend_webrtc_cpp/isolated_cmake_environment/build/_deps/boost-src/libs/preprocessor/include -I/home/kim/Documents/code/mio/backend_webrtc_cpp/isolated_cmake_environment/build/_deps/boost-src/libs/process/include -I/home/kim/Documents/code/mio/backend_webrtc_cpp/isolated_cmake_environment/build/_deps/boost-src/libs/program_options/include -I/home/kim/Documents/code/mio/backend_webrtc_cpp/isolated_cmake_environment/build/_deps/boost-src/libs/property_map/include -I/home/kim/Documents/code/mio/backend_webrtc_cpp/isolated_cmake_environment/build/_deps/boost-src/libs/property_map_parallel/include -I/home/kim/Documents/code/mio/backend_webrtc_cpp/isolated_cmake_environment/build/_deps/boost-src/libs/property_tree/include -I/home/kim/Documents/code/mio/backend_webrtc_cpp/isolated_cmake_environment/build/_deps/boost-src/libs/proto/include -I/home/kim/Documents/code/mio/backend_webrtc_cpp/isolated_cmake_environment/build/_deps/boost-src/libs/ptr_container/include -I/home/kim/Documents/code/mio/backend_webrtc_cpp/isolated_cmake_environment/build/_deps/boost-src/libs/python/include -I/home/kim/Documents/code/mio/backend_webrtc_cpp/isolated_cmake_environment/build/_deps/boost-src/libs/qvm/include -I/home/kim/Documents/code/mio/backend_webrtc_cpp/isolated_cmake_environment/build/_deps/boost-src/libs/random/include -I/home/kim/Documents/code/mio/backend_webrtc_cpp/isolated_cmake_environment/build/_deps/boost-src/libs/range/include -I/home/kim/Documents/code/mio/backend_webrtc_cpp/isolated_cmake_environment/build/_deps/boost-src/libs/ratio/include -I/home/kim/Documents/code/mio/backend_webrtc_cpp/isolated_cmake_environment/build/_deps/boost-src/libs/rational/include -I/home/kim/Documents/code/mio/backend_webrtc_cpp/isolated_cmake_environment/build/_deps/boost-src/libs/redis/include -I/home/kim/Documents/code/mio/backend_webrtc_cpp/isolated_cmake_environment/build/_deps/boost-src/libs/regex/include -I/home/kim/Documents/code/mio/backend_webrtc_cpp/isolated_cmake_environment/build/_deps/boost-src/libs/safe_numerics/include -I/home/kim/Documents/code/mio/backend_webrtc_cpp/isolated_cmake_environment/build/_deps/boost-src/libs/scope/include -I/home/kim/Documents/code/mio/backend_webrtc_cpp/isolated_cmake_environment/build/_deps/boost-src/libs/scope_exit/include -I/home/kim/Documents/code/mio/backend_webrtc_cpp/isolated_cmake_environment/build/_deps/boost-src/libs/serialization/include -I/home/kim/Documents/code/mio/backend_webrtc_cpp/isolated_cmake_environment/build/_deps/boost-src/libs/signals2/include -I/home/kim/Documents/code/mio/backend_webrtc_cpp/isolated_cmake_environment/build/_deps/boost-src/libs/smart_ptr/include -I/home/kim/Documents/code/mio/backend_webrtc_cpp/isolated_cmake_environment/build/_deps/boost-src/libs/sort/include -I/home/kim/Documents/code/mio/backend_webrtc_cpp/isolated_cmake_environment/build/_deps/boost-src/libs/spirit/include -I/home/kim/Documents/code/mio/backend_webrtc_cpp/isolated_cmake_environment/build/_deps/boost-src/libs/stacktrace/include -I/home/kim/Documents/code/mio/backend_webrtc_cpp/isolated_cmake_environment/build/_deps/boost-src/libs/statechart/include -I/home/kim/Documents/code/mio/backend_webrtc_cpp/isolated_cmake_environment/build/_deps/boost-src/libs/static_assert/include -I/home/kim/Documents/code/mio/backend_webrtc_cpp/isolated_cmake_environment/build/_deps/boost-src/libs/static_string/include -I/home/kim/Documents/code/mio/backend_webrtc_cpp/isolated_cmake_environment/build/_deps/boost-src/libs/stl_interfaces/include -I/home/kim/Documents/code/mio/backend_webrtc_cpp/isolated_cmake_environment/build/_deps/boost-src/libs/system/include -I/home/kim/Documents/code/mio/backend_webrtc_cpp/isolated_cmake_environment/build/_deps/boost-src/libs/test/include -I/home/kim/Documents/code/mio/backend_webrtc_cpp/isolated_cmake_environment/build/_deps/boost-src/libs/thread/include -I/home/kim/Documents/code/mio/backend_webrtc_cpp/isolated_cmake_environment/build/_deps/boost-src/libs/throw_exception/include -I/home/kim/Documents/code/mio/backend_webrtc_cpp/isolated_cmake_environment/build/_deps/boost-src/libs/timer/include -I/home/kim/Documents/code/mio/backend_webrtc_cpp/isolated_cmake_environment/build/_deps/boost-src/libs/tokenizer/include -I/home/kim/Documents/code/mio/backend_webrtc_cpp/isolated_cmake_environment/build/_deps/boost-src/libs/tti/include -I/home/kim/Documents/code/mio/backend_webrtc_cpp/isolated_cmake_environment/build/_deps/boost-src/libs/tuple/include -I/home/kim/Documents/code/mio/backend_webrtc_cpp/isolated_cmake_environment/build/_deps/boost-src/libs/type_erasure/include -I/home/kim/Documents/code/mio/backend_webrtc_cpp/isolated_cmake_environment/build/_deps/boost-src/libs/type_index/include -I/home/kim/Documents/code/mio/backend_webrtc_cpp/isolated_cmake_environment/build/_deps/boost-src/libs/type_traits/include -I/home/kim/Documents/code/mio/backend_webrtc_cpp/isolated_cmake_environment/build/_deps/boost-src/libs/typeof/include -I/home/kim/Documents/code/mio/backend_webrtc_cpp/isolated_cmake_environment/build/_deps/boost-src/libs/units/include -I/home/kim/Documents/code/mio/backend_webrtc_cpp/isolated_cmake_environment/build/_deps/boost-src/libs/unordered/include -I/home/kim/Documents/code/mio/backend_webrtc_cpp/isolated_cmake_environment/build/_deps/boost-src/libs/url/include -I/home/kim/Documents/code/mio/backend_webrtc_cpp/isolated_cmake_environment/build/_deps/boost-src/libs/utility/include -I/home/kim/Documents/code/mio/backend_webrtc_cpp/isolated_cmake_environment/build/_deps/boost-src/libs/uuid/include -I/home/kim/Documents/code/mio/backend_webrtc_cpp/isolated_cmake_environment/build/_deps/boost-src/libs/variant/include -I/home/kim/Documents/code/mio/backend_webrtc_cpp/isolated_cmake_environment/build/_deps/boost-src/libs/variant2/include -I/home/kim/Documents/code/mio/backend_webrtc_cpp/isolated_cmake_environment/build/_deps/boost-src/libs/vmd/include -I/home/kim/Documents/code/mio/backend_webrtc_cpp/isolated_cmake_environment/build/_deps/boost-src/libs/wave/include -I/home/kim/Documents/code/mio/backend_webrtc_cpp/isolated_cmake_environment/build/_deps/boost-src/libs/winapi/include -I/home/kim/Documents/code/mio/backend_webrtc_cpp/isolated_cmake_environment/build/_deps/boost-src/libs/xpressive/include -I/home/kim/Documents/code/mio/backend_webrtc_cpp/isolated_cmake_environment/build/_deps/boost-src/libs/yap/include -std=gnu++20 -o CMakeFiles/cmTC_106c0.dir/src.cxx.o -c /home/kim/Documents/code/mio/backend_webrtc_cpp/isolated_cmake_environment/build/CMakeFiles/CMakeTmp/src.cxx
In file included from /home/kim/Documents/code/mio/backend_webrtc_cpp/isolated_cmake_environment/build/CMakeFiles/CMakeTmp/src.cxx:1:
/home/kim/Documents/code/mio/backend_webrtc_cpp/isolated_cmake_environment/build/_deps/boost-src/libs/filesystem/config/has_stat_st_mtimensec.cpp: In function ‘int main()’:
/home/kim/Documents/code/mio/backend_webrtc_cpp/isolated_cmake_environment/build/_deps/boost-src/libs/filesystem/config/has_stat_st_mtimensec.cpp:17:8: error: ‘struct stat’ has no member named ‘st_mtimensec’
   17 |     st.st_mtimensec = 10;
      |        ^~~~~~~~~~~~
gmake[1]: *** [CMakeFiles/cmTC_106c0.dir/build.make:78: CMakeFiles/cmTC_106c0.dir/src.cxx.o] Error 1
gmake[1]: Leaving directory '/home/kim/Documents/code/mio/backend_webrtc_cpp/isolated_cmake_environment/build/CMakeFiles/CMakeTmp'
gmake: *** [Makefile:127: cmTC_106c0/fast] Error 2


Source file was:
#include </home/kim/Documents/code/mio/backend_webrtc_cpp/isolated_cmake_environment/build/_deps/boost-src/libs/filesystem/config/has_stat_st_mtimensec.cpp>
Performing C++ SOURCE FILE Test BOOST_FILESYSTEM_HAS_STAT_ST_MTIMESPEC failed with the following output:
Change Dir: /home/kim/Documents/code/mio/backend_webrtc_cpp/isolated_cmake_environment/build/CMakeFiles/CMakeTmp

Run Build Command(s):/usr/bin/gmake -f Makefile cmTC_696a7/fast && /usr/bin/gmake  -f CMakeFiles/cmTC_696a7.dir/build.make CMakeFiles/cmTC_696a7.dir/build
gmake[1]: Entering directory '/home/kim/Documents/code/mio/backend_webrtc_cpp/isolated_cmake_environment/build/CMakeFiles/CMakeTmp'
Building CXX object CMakeFiles/cmTC_696a7.dir/src.cxx.o
/usr/bin/c++ -DBOOST_FILESYSTEM_HAS_STAT_ST_MTIMESPEC -I/home/kim/Documents/code/mio/backend_webrtc_cpp/isolated_cmake_environment/build/_deps/boost-src/libs/filesystem/src -I/home/kim/Documents/code/mio/backend_webrtc_cpp/isolated_cmake_environment/build/_deps/boost-src/libs/accumulators/include -I/home/kim/Documents/code/mio/backend_webrtc_cpp/isolated_cmake_environment/build/_deps/boost-src/libs/algorithm/include -I/home/kim/Documents/code/mio/backend_webrtc_cpp/isolated_cmake_environment/build/_deps/boost-src/libs/align/include -I/home/kim/Documents/code/mio/backend_webrtc_cpp/isolated_cmake_environment/build/_deps/boost-src/libs/any/include -I/home/kim/Documents/code/mio/backend_webrtc_cpp/isolated_cmake_environment/build/_deps/boost-src/libs/array/include -I/home/kim/Documents/code/mio/backend_webrtc_cpp/isolated_cmake_environment/build/_deps/boost-src/libs/asio/include -I/home/kim/Documents/code/mio/backend_webrtc_cpp/isolated_cmake_environment/build/_deps/boost-src/libs/assert/include -I/home/kim/Documents/code/mio/backend_webrtc_cpp/isolated_cmake_environment/build/_deps/boost-src/libs/assign/include -I/home/kim/Documents/code/mio/backend_webrtc_cpp/isolated_cmake_environment/build/_deps/boost-src/libs/atomic/include -I/home/kim/Documents/code/mio/backend_webrtc_cpp/isolated_cmake_environment/build/_deps/boost-src/libs/beast/include -I/home/kim/Documents/code/mio/backend_webrtc_cpp/isolated_cmake_environment/build/_deps/boost-src/libs/bimap/include -I/home/kim/Documents/code/mio/backend_webrtc_cpp/isolated_cmake_environment/build/_deps/boost-src/libs/bind/include -I/home/kim/Documents/code/mio/backend_webrtc_cpp/isolated_cmake_environment/build/_deps/boost-src/libs/callable_traits/include -I/home/kim/Documents/code/mio/backend_webrtc_cpp/isolated_cmake_environment/build/_deps/boost-src/libs/charconv/include -I/home/kim/Documents/code/mio/backend_webrtc_cpp/isolated_cmake_environment/build/_deps/boost-src/libs/chrono/include -I/home/kim/Documents/code/mio/backend_webrtc_cpp/isolated_cmake_environment/build/_deps/boost-src/libs/circular_buffer/include -I/home/kim/Documents/code/mio/backend_webrtc_cpp/isolated_cmake_environment/build/_deps/boost-src/libs/cobalt/include -I/home/kim/Documents/code/mio/backend_webrtc_cpp/isolated_cmake_environment/build/_deps/boost-src/libs/compat/include -I/home/kim/Documents/code/mio/backend_webrtc_cpp/isolated_cmake_environment/build/_deps/boost-src/libs/compatibility/include -I/home/kim/Documents/code/mio/backend_webrtc_cpp/isolated_cmake_environment/build/_deps/boost-src/libs/compute/include -I/home/kim/Documents/code/mio/backend_webrtc_cpp/isolated_cmake_environment/build/_deps/boost-src/libs/concept_check/include -I/home/kim/Documents/code/mio/backend_webrtc_cpp/isolated_cmake_environment/build/_deps/boost-src/libs/config/include -I/home/kim/Documents/code/mio/backend_webrtc_cpp/isolated_cmake_environment/build/_deps/boost-src/libs/container/include -I/home/kim/Documents/code/mio/backend_webrtc_cpp/isolated_cmake_environment/build/_deps/boost-src/libs/container_hash/include -I/home/kim/Documents/code/mio/backend_webrtc_cpp/isolated_cmake_environment/build/_deps/boost-src/libs/context/include -I/home/kim/Documents/code/mio/backend_webrtc_cpp/isolated_cmake_environment/build/_deps/boost-src/libs/contract/include -I/home/kim/Documents/code/mio/backend_webrtc_cpp/isolated_cmake_environment/build/_deps/boost-src/libs/conversion/include -I/home/kim/Documents/code/mio/backend_webrtc_cpp/isolated_cmake_environment/build/_deps/boost-src/libs/convert/include -I/home/kim/Documents/code/mio/backend_webrtc_cpp/isolated_cmake_environment/build/_deps/boost-src/libs/core/include -I/home/kim/Documents/code/mio/backend_webrtc_cpp/isolated_cmake_environment/build/_deps/boost-src/libs/coroutine/include -I/home/kim/Documents/code/mio/backend_webrtc_cpp/isolated_cmake_environment/build/_deps/boost-src/libs/coroutine2/include -I/home/kim/Documents/code/mio/backend_webrtc_cpp/isolated_cmake_environment/build/_deps/boost-src/libs/crc/include -I/home/kim/Documents/code/mio/backend_webrtc_cpp/isolated_cmake_environment/build/_deps/boost-src/libs/date_time/include -I/home/kim/Documents/code/mio/backend_webrtc_cpp/isolated_cmake_environment/build/_deps/boost-src/libs/describe/include -I/home/kim/Documents/code/mio/backend_webrtc_cpp/isolated_cmake_environment/build/_deps/boost-src/libs/detail/include -I/home/kim/Documents/code/mio/backend_webrtc_cpp/isolated_cmake_environment/build/_deps/boost-src/libs/dll/include -I/home/kim/Documents/code/mio/backend_webrtc_cpp/isolated_cmake_environment/build/_deps/boost-src/libs/dynamic_bitset/include -I/home/kim/Documents/code/mio/backend_webrtc_cpp/isolated_cmake_environment/build/_deps/boost-src/libs/endian/include -I/home/kim/Documents/code/mio/backend_webrtc_cpp/isolated_cmake_environment/build/_deps/boost-src/libs/exception/include -I/home/kim/Documents/code/mio/backend_webrtc_cpp/isolated_cmake_environment/build/_deps/boost-src/libs/fiber/include -I/home/kim/Documents/code/mio/backend_webrtc_cpp/isolated_cmake_environment/build/_deps/boost-src/libs/filesystem/include -I/home/kim/Documents/code/mio/backend_webrtc_cpp/isolated_cmake_environment/build/_deps/boost-src/libs/flyweight/include -I/home/kim/Documents/code/mio/backend_webrtc_cpp/isolated_cmake_environment/build/_deps/boost-src/libs/foreach/include -I/home/kim/Documents/code/mio/backend_webrtc_cpp/isolated_cmake_environment/build/_deps/boost-src/libs/format/include -I/home/kim/Documents/code/mio/backend_webrtc_cpp/isolated_cmake_environment/build/_deps/boost-src/libs/function/include -I/home/kim/Documents/code/mio/backend_webrtc_cpp/isolated_cmake_environment/build/_deps/boost-src/libs/function_types/include -I/home/kim/Documents/code/mio/backend_webrtc_cpp/isolated_cmake_environment/build/_deps/boost-src/libs/functional/include -I/home/kim/Documents/code/mio/backend_webrtc_cpp/isolated_cmake_environment/build/_deps/boost-src/libs/fusion/include -I/home/kim/Documents/code/mio/backend_webrtc_cpp/isolated_cmake_environment/build/_deps/boost-src/libs/geometry/include -I/home/kim/Documents/code/mio/backend_webrtc_cpp/isolated_cmake_environment/build/_deps/boost-src/libs/gil/include -I/home/kim/Documents/code/mio/backend_webrtc_cpp/isolated_cmake_environment/build/_deps/boost-src/libs/graph/include -I/home/kim/Documents/code/mio/backend_webrtc_cpp/isolated_cmake_environment/build/_deps/boost-src/libs/graph_parallel/include -I/home/kim/Documents/code/mio/backend_webrtc_cpp/isolated_cmake_environment/build/_deps/boost-src/libs/hana/include -I/home/kim/Documents/code/mio/backend_webrtc_cpp/isolated_cmake_environment/build/_deps/boost-src/libs/headers/include -I/home/kim/Documents/code/mio/backend_webrtc_cpp/isolated_cmake_environment/build/_deps/boost-src/libs/heap/include -I/home/kim/Documents/code/mio/backend_webrtc_cpp/isolated_cmake_environment/build/_deps/boost-src/libs/histogram/include -I/home/kim/Documents/code/mio/backend_webrtc_cpp/isolated_cmake_environment/build/_deps/boost-src/libs/hof/include -I/home/kim/Documents/code/mio/backend_webrtc_cpp/isolated_cmake_environment/build/_deps/boost-src/libs/icl/include -I/home/kim/Documents/code/mio/backend_webrtc_cpp/isolated_cmake_environment/build/_deps/boost-src/libs/integer/include -I/home/kim/Documents/code/mio/backend_webrtc_cpp/isolated_cmake_environment/build/_deps/boost-src/libs/interprocess/include -I/home/kim/Documents/code/mio/backend_webrtc_cpp/isolated_cmake_environment/build/_deps/boost-src/libs/intrusive/include -I/home/kim/Documents/code/mio/backend_webrtc_cpp/isolated_cmake_environment/build/_deps/boost-src/libs/io/include -I/home/kim/Documents/code/mio/backend_webrtc_cpp/isolated_cmake_environment/build/_deps/boost-src/libs/iostreams/include -I/home/kim/Documents/code/mio/backend_webrtc_cpp/isolated_cmake_environment/build/_deps/boost-src/libs/iterator/include -I/home/kim/Documents/code/mio/backend_webrtc_cpp/isolated_cmake_environment/build/_deps/boost-src/libs/json/include -I/home/kim/Documents/code/mio/backend_webrtc_cpp/isolated_cmake_environment/build/_deps/boost-src/libs/lambda/include -I/home/kim/Documents/code/mio/backend_webrtc_cpp/isolated_cmake_environment/build/_deps/boost-src/libs/lambda2/include -I/home/kim/Documents/code/mio/backend_webrtc_cpp/isolated_cmake_environment/build/_deps/boost-src/libs/leaf/include -I/home/kim/Documents/code/mio/backend_webrtc_cpp/isolated_cmake_environment/build/_deps/boost-src/libs/lexical_cast/include -I/home/kim/Documents/code/mio/backend_webrtc_cpp/isolated_cmake_environment/build/_deps/boost-src/libs/local_function/include -I/home/kim/Documents/code/mio/backend_webrtc_cpp/isolated_cmake_environment/build/_deps/boost-src/libs/locale/include -I/home/kim/Documents/code/mio/backend_webrtc_cpp/isolated_cmake_environment/build/_deps/boost-src/libs/lockfree/include -I/home/kim/Documents/code/mio/backend_webrtc_cpp/isolated_cmake_environment/build/_deps/boost-src/libs/log/include -I/home/kim/Documents/code/mio/backend_webrtc_cpp/isolated_cmake_environment/build/_deps/boost-src/libs/logic/include -I/home/kim/Documents/code/mio/backend_webrtc_cpp/isolated_cmake_environment/build/_deps/boost-src/libs/math/include -I/home/kim/Documents/code/mio/backend_webrtc_cpp/isolated_cmake_environment/build/_deps/boost-src/libs/metaparse/include -I/home/kim/Documents/code/mio/backend_webrtc_cpp/isolated_cmake_environment/build/_deps/boost-src/libs/move/include -I/home/kim/Documents/code/mio/backend_webrtc_cpp/isolated_cmake_environment/build/_deps/boost-src/libs/mp11/include -I/home/kim/Documents/code/mio/backend_webrtc_cpp/isolated_cmake_environment/build/_deps/boost-src/libs/mpi/include -I/home/kim/Documents/code/mio/backend_webrtc_cpp/isolated_cmake_environment/build/_deps/boost-src/libs/mpl/include -I/home/kim/Documents/code/mio/backend_webrtc_cpp/isolated_cmake_environment/build/_deps/boost-src/libs/msm/include -I/home/kim/Documents/code/mio/backend_webrtc_cpp/isolated_cmake_environment/build/_deps/boost-src/libs/multi_array/include -I/home/kim/Documents/code/mio/backend_webrtc_cpp/isolated_cmake_environment/build/_deps/boost-src/libs/multi_index/include -I/home/kim/Documents/code/mio/backend_webrtc_cpp/isolated_cmake_environment/build/_deps/boost-src/libs/multiprecision/include -I/home/kim/Documents/code/mio/backend_webrtc_cpp/isolated_cmake_environment/build/_deps/boost-src/libs/mysql/include -I/home/kim/Documents/code/mio/backend_webrtc_cpp/isolated_cmake_environment/build/_deps/boost-src/libs/nowide/include -I/home/kim/Documents/code/mio/backend_webrtc_cpp/isolated_cmake_environment/build/_deps/boost-src/libs/optional/include -I/home/kim/Documents/code/mio/backend_webrtc_cpp/isolated_cmake_environment/build/_deps/boost-src/libs/outcome/include -I/home/kim/Documents/code/mio/backend_webrtc_cpp/isolated_cmake_environment/build/_deps/boost-src/libs/parameter/include -I/home/kim/Documents/code/mio/backend_webrtc_cpp/isolated_cmake_environment/build/_deps/boost-src/libs/parameter_python/include -I/home/kim/Documents/code/mio/backend_webrtc_cpp/isolated_cmake_environment/build/_deps/boost-src/libs/pfr/include -I/home/kim/Documents/code/mio/backend_webrtc_cpp/isolated_cmake_environment/build/_deps/boost-src/libs/phoenix/include -I/home/kim/Documents/code/mio/backend_webrtc_cpp/isolated_cmake_environment/build/_deps/boost-src/libs/poly_collection/include -I/home/kim/Documents/code/mio/backend_webrtc_cpp/isolated_cmake_environment/build/_deps/boost-src/libs/polygon/include -I/home/kim/Documents/code/mio/backend_webrtc_cpp/isolated_cmake_environment/build/_deps/boost-src/libs/pool/include -I/home/kim/Documents/code/mio/backend_webrtc_cpp/isolated_cmake_environment/build/_deps/boost-src/libs/predef/include -I/home/kim/Documents/code/mio/backend_webrtc_cpp/isolated_cmake_environment/build/_deps/boost-src/libs/preprocessor/include -I/home/kim/Documents/code/mio/backend_webrtc_cpp/isolated_cmake_environment/build/_deps/boost-src/libs/process/include -I/home/kim/Documents/code/mio/backend_webrtc_cpp/isolated_cmake_environment/build/_deps/boost-src/libs/program_options/include -I/home/kim/Documents/code/mio/backend_webrtc_cpp/isolated_cmake_environment/build/_deps/boost-src/libs/property_map/include -I/home/kim/Documents/code/mio/backend_webrtc_cpp/isolated_cmake_environment/build/_deps/boost-src/libs/property_map_parallel/include -I/home/kim/Documents/code/mio/backend_webrtc_cpp/isolated_cmake_environment/build/_deps/boost-src/libs/property_tree/include -I/home/kim/Documents/code/mio/backend_webrtc_cpp/isolated_cmake_environment/build/_deps/boost-src/libs/proto/include -I/home/kim/Documents/code/mio/backend_webrtc_cpp/isolated_cmake_environment/build/_deps/boost-src/libs/ptr_container/include -I/home/kim/Documents/code/mio/backend_webrtc_cpp/isolated_cmake_environment/build/_deps/boost-src/libs/python/include -I/home/kim/Documents/code/mio/backend_webrtc_cpp/isolated_cmake_environment/build/_deps/boost-src/libs/qvm/include -I/home/kim/Documents/code/mio/backend_webrtc_cpp/isolated_cmake_environment/build/_deps/boost-src/libs/random/include -I/home/kim/Documents/code/mio/backend_webrtc_cpp/isolated_cmake_environment/build/_deps/boost-src/libs/range/include -I/home/kim/Documents/code/mio/backend_webrtc_cpp/isolated_cmake_environment/build/_deps/boost-src/libs/ratio/include -I/home/kim/Documents/code/mio/backend_webrtc_cpp/isolated_cmake_environment/build/_deps/boost-src/libs/rational/include -I/home/kim/Documents/code/mio/backend_webrtc_cpp/isolated_cmake_environment/build/_deps/boost-src/libs/redis/include -I/home/kim/Documents/code/mio/backend_webrtc_cpp/isolated_cmake_environment/build/_deps/boost-src/libs/regex/include -I/home/kim/Documents/code/mio/backend_webrtc_cpp/isolated_cmake_environment/build/_deps/boost-src/libs/safe_numerics/include -I/home/kim/Documents/code/mio/backend_webrtc_cpp/isolated_cmake_environment/build/_deps/boost-src/libs/scope/include -I/home/kim/Documents/code/mio/backend_webrtc_cpp/isolated_cmake_environment/build/_deps/boost-src/libs/scope_exit/include -I/home/kim/Documents/code/mio/backend_webrtc_cpp/isolated_cmake_environment/build/_deps/boost-src/libs/serialization/include -I/home/kim/Documents/code/mio/backend_webrtc_cpp/isolated_cmake_environment/build/_deps/boost-src/libs/signals2/include -I/home/kim/Documents/code/mio/backend_webrtc_cpp/isolated_cmake_environment/build/_deps/boost-src/libs/smart_ptr/include -I/home/kim/Documents/code/mio/backend_webrtc_cpp/isolated_cmake_environment/build/_deps/boost-src/libs/sort/include -I/home/kim/Documents/code/mio/backend_webrtc_cpp/isolated_cmake_environment/build/_deps/boost-src/libs/spirit/include -I/home/kim/Documents/code/mio/backend_webrtc_cpp/isolated_cmake_environment/build/_deps/boost-src/libs/stacktrace/include -I/home/kim/Documents/code/mio/backend_webrtc_cpp/isolated_cmake_environment/build/_deps/boost-src/libs/statechart/include -I/home/kim/Documents/code/mio/backend_webrtc_cpp/isolated_cmake_environment/build/_deps/boost-src/libs/static_assert/include -I/home/kim/Documents/code/mio/backend_webrtc_cpp/isolated_cmake_environment/build/_deps/boost-src/libs/static_string/include -I/home/kim/Documents/code/mio/backend_webrtc_cpp/isolated_cmake_environment/build/_deps/boost-src/libs/stl_interfaces/include -I/home/kim/Documents/code/mio/backend_webrtc_cpp/isolated_cmake_environment/build/_deps/boost-src/libs/system/include -I/home/kim/Documents/code/mio/backend_webrtc_cpp/isolated_cmake_environment/build/_deps/boost-src/libs/test/include -I/home/kim/Documents/code/mio/backend_webrtc_cpp/isolated_cmake_environment/build/_deps/boost-src/libs/thread/include -I/home/kim/Documents/code/mio/backend_webrtc_cpp/isolated_cmake_environment/build/_deps/boost-src/libs/throw_exception/include -I/home/kim/Documents/code/mio/backend_webrtc_cpp/isolated_cmake_environment/build/_deps/boost-src/libs/timer/include -I/home/kim/Documents/code/mio/backend_webrtc_cpp/isolated_cmake_environment/build/_deps/boost-src/libs/tokenizer/include -I/home/kim/Documents/code/mio/backend_webrtc_cpp/isolated_cmake_environment/build/_deps/boost-src/libs/tti/include -I/home/kim/Documents/code/mio/backend_webrtc_cpp/isolated_cmake_environment/build/_deps/boost-src/libs/tuple/include -I/home/kim/Documents/code/mio/backend_webrtc_cpp/isolated_cmake_environment/build/_deps/boost-src/libs/type_erasure/include -I/home/kim/Documents/code/mio/backend_webrtc_cpp/isolated_cmake_environment/build/_deps/boost-src/libs/type_index/include -I/home/kim/Documents/code/mio/backend_webrtc_cpp/isolated_cmake_environment/build/_deps/boost-src/libs/type_traits/include -I/home/kim/Documents/code/mio/backend_webrtc_cpp/isolated_cmake_environment/build/_deps/boost-src/libs/typeof/include -I/home/kim/Documents/code/mio/backend_webrtc_cpp/isolated_cmake_environment/build/_deps/boost-src/libs/units/include -I/home/kim/Documents/code/mio/backend_webrtc_cpp/isolated_cmake_environment/build/_deps/boost-src/libs/unordered/include -I/home/kim/Documents/code/mio/backend_webrtc_cpp/isolated_cmake_environment/build/_deps/boost-src/libs/url/include -I/home/kim/Documents/code/mio/backend_webrtc_cpp/isolated_cmake_environment/build/_deps/boost-src/libs/utility/include -I/home/kim/Documents/code/mio/backend_webrtc_cpp/isolated_cmake_environment/build/_deps/boost-src/libs/uuid/include -I/home/kim/Documents/code/mio/backend_webrtc_cpp/isolated_cmake_environment/build/_deps/boost-src/libs/variant/include -I/home/kim/Documents/code/mio/backend_webrtc_cpp/isolated_cmake_environment/build/_deps/boost-src/libs/variant2/include -I/home/kim/Documents/code/mio/backend_webrtc_cpp/isolated_cmake_environment/build/_deps/boost-src/libs/vmd/include -I/home/kim/Documents/code/mio/backend_webrtc_cpp/isolated_cmake_environment/build/_deps/boost-src/libs/wave/include -I/home/kim/Documents/code/mio/backend_webrtc_cpp/isolated_cmake_environment/build/_deps/boost-src/libs/winapi/include -I/home/kim/Documents/code/mio/backend_webrtc_cpp/isolated_cmake_environment/build/_deps/boost-src/libs/xpressive/include -I/home/kim/Documents/code/mio/backend_webrtc_cpp/isolated_cmake_environment/build/_deps/boost-src/libs/yap/include -std=gnu++20 -o CMakeFiles/cmTC_696a7.dir/src.cxx.o -c /home/kim/Documents/code/mio/backend_webrtc_cpp/isolated_cmake_environment/build/CMakeFiles/CMakeTmp/src.cxx
In file included from /home/kim/Documents/code/mio/backend_webrtc_cpp/isolated_cmake_environment/build/CMakeFiles/CMakeTmp/src.cxx:1:
/home/kim/Documents/code/mio/backend_webrtc_cpp/isolated_cmake_environment/build/_deps/boost-src/libs/filesystem/config/has_stat_st_mtimespec.cpp: In function ‘int main()’:
/home/kim/Documents/code/mio/backend_webrtc_cpp/isolated_cmake_environment/build/_deps/boost-src/libs/filesystem/config/has_stat_st_mtimespec.cpp:17:8: error: ‘struct stat’ has no member named ‘st_mtimespec’
   17 |     st.st_mtimespec.tv_nsec = 10;
      |        ^~~~~~~~~~~~
gmake[1]: *** [CMakeFiles/cmTC_696a7.dir/build.make:78: CMakeFiles/cmTC_696a7.dir/src.cxx.o] Error 1
gmake[1]: Leaving directory '/home/kim/Documents/code/mio/backend_webrtc_cpp/isolated_cmake_environment/build/CMakeFiles/CMakeTmp'
gmake: *** [Makefile:127: cmTC_696a7/fast] Error 2


Source file was:
#include </home/kim/Documents/code/mio/backend_webrtc_cpp/isolated_cmake_environment/build/_deps/boost-src/libs/filesystem/config/has_stat_st_mtimespec.cpp>
Performing C++ SOURCE FILE Test BOOST_FILESYSTEM_HAS_STAT_ST_BIRTHTIMENSEC failed with the following output:
Change Dir: /home/kim/Documents/code/mio/backend_webrtc_cpp/isolated_cmake_environment/build/CMakeFiles/CMakeTmp

Run Build Command(s):/usr/bin/gmake -f Makefile cmTC_c12ca/fast && /usr/bin/gmake  -f CMakeFiles/cmTC_c12ca.dir/build.make CMakeFiles/cmTC_c12ca.dir/build
gmake[1]: Entering directory '/home/kim/Documents/code/mio/backend_webrtc_cpp/isolated_cmake_environment/build/CMakeFiles/CMakeTmp'
Building CXX object CMakeFiles/cmTC_c12ca.dir/src.cxx.o
/usr/bin/c++ -DBOOST_FILESYSTEM_HAS_STAT_ST_BIRTHTIMENSEC -I/home/kim/Documents/code/mio/backend_webrtc_cpp/isolated_cmake_environment/build/_deps/boost-src/libs/filesystem/src -I/home/kim/Documents/code/mio/backend_webrtc_cpp/isolated_cmake_environment/build/_deps/boost-src/libs/accumulators/include -I/home/kim/Documents/code/mio/backend_webrtc_cpp/isolated_cmake_environment/build/_deps/boost-src/libs/algorithm/include -I/home/kim/Documents/code/mio/backend_webrtc_cpp/isolated_cmake_environment/build/_deps/boost-src/libs/align/include -I/home/kim/Documents/code/mio/backend_webrtc_cpp/isolated_cmake_environment/build/_deps/boost-src/libs/any/include -I/home/kim/Documents/code/mio/backend_webrtc_cpp/isolated_cmake_environment/build/_deps/boost-src/libs/array/include -I/home/kim/Documents/code/mio/backend_webrtc_cpp/isolated_cmake_environment/build/_deps/boost-src/libs/asio/include -I/home/kim/Documents/code/mio/backend_webrtc_cpp/isolated_cmake_environment/build/_deps/boost-src/libs/assert/include -I/home/kim/Documents/code/mio/backend_webrtc_cpp/isolated_cmake_environment/build/_deps/boost-src/libs/assign/include -I/home/kim/Documents/code/mio/backend_webrtc_cpp/isolated_cmake_environment/build/_deps/boost-src/libs/atomic/include -I/home/kim/Documents/code/mio/backend_webrtc_cpp/isolated_cmake_environment/build/_deps/boost-src/libs/beast/include -I/home/kim/Documents/code/mio/backend_webrtc_cpp/isolated_cmake_environment/build/_deps/boost-src/libs/bimap/include -I/home/kim/Documents/code/mio/backend_webrtc_cpp/isolated_cmake_environment/build/_deps/boost-src/libs/bind/include -I/home/kim/Documents/code/mio/backend_webrtc_cpp/isolated_cmake_environment/build/_deps/boost-src/libs/callable_traits/include -I/home/kim/Documents/code/mio/backend_webrtc_cpp/isolated_cmake_environment/build/_deps/boost-src/libs/charconv/include -I/home/kim/Documents/code/mio/backend_webrtc_cpp/isolated_cmake_environment/build/_deps/boost-src/libs/chrono/include -I/home/kim/Documents/code/mio/backend_webrtc_cpp/isolated_cmake_environment/build/_deps/boost-src/libs/circular_buffer/include -I/home/kim/Documents/code/mio/backend_webrtc_cpp/isolated_cmake_environment/build/_deps/boost-src/libs/cobalt/include -I/home/kim/Documents/code/mio/backend_webrtc_cpp/isolated_cmake_environment/build/_deps/boost-src/libs/compat/include -I/home/kim/Documents/code/mio/backend_webrtc_cpp/isolated_cmake_environment/build/_deps/boost-src/libs/compatibility/include -I/home/kim/Documents/code/mio/backend_webrtc_cpp/isolated_cmake_environment/build/_deps/boost-src/libs/compute/include -I/home/kim/Documents/code/mio/backend_webrtc_cpp/isolated_cmake_environment/build/_deps/boost-src/libs/concept_check/include -I/home/kim/Documents/code/mio/backend_webrtc_cpp/isolated_cmake_environment/build/_deps/boost-src/libs/config/include -I/home/kim/Documents/code/mio/backend_webrtc_cpp/isolated_cmake_environment/build/_deps/boost-src/libs/container/include -I/home/kim/Documents/code/mio/backend_webrtc_cpp/isolated_cmake_environment/build/_deps/boost-src/libs/container_hash/include -I/home/kim/Documents/code/mio/backend_webrtc_cpp/isolated_cmake_environment/build/_deps/boost-src/libs/context/include -I/home/kim/Documents/code/mio/backend_webrtc_cpp/isolated_cmake_environment/build/_deps/boost-src/libs/contract/include -I/home/kim/Documents/code/mio/backend_webrtc_cpp/isolated_cmake_environment/build/_deps/boost-src/libs/conversion/include -I/home/kim/Documents/code/mio/backend_webrtc_cpp/isolated_cmake_environment/build/_deps/boost-src/libs/convert/include -I/home/kim/Documents/code/mio/backend_webrtc_cpp/isolated_cmake_environment/build/_deps/boost-src/libs/core/include -I/home/kim/Documents/code/mio/backend_webrtc_cpp/isolated_cmake_environment/build/_deps/boost-src/libs/coroutine/include -I/home/kim/Documents/code/mio/backend_webrtc_cpp/isolated_cmake_environment/build/_deps/boost-src/libs/coroutine2/include -I/home/kim/Documents/code/mio/backend_webrtc_cpp/isolated_cmake_environment/build/_deps/boost-src/libs/crc/include -I/home/kim/Documents/code/mio/backend_webrtc_cpp/isolated_cmake_environment/build/_deps/boost-src/libs/date_time/include -I/home/kim/Documents/code/mio/backend_webrtc_cpp/isolated_cmake_environment/build/_deps/boost-src/libs/describe/include -I/home/kim/Documents/code/mio/backend_webrtc_cpp/isolated_cmake_environment/build/_deps/boost-src/libs/detail/include -I/home/kim/Documents/code/mio/backend_webrtc_cpp/isolated_cmake_environment/build/_deps/boost-src/libs/dll/include -I/home/kim/Documents/code/mio/backend_webrtc_cpp/isolated_cmake_environment/build/_deps/boost-src/libs/dynamic_bitset/include -I/home/kim/Documents/code/mio/backend_webrtc_cpp/isolated_cmake_environment/build/_deps/boost-src/libs/endian/include -I/home/kim/Documents/code/mio/backend_webrtc_cpp/isolated_cmake_environment/build/_deps/boost-src/libs/exception/include -I/home/kim/Documents/code/mio/backend_webrtc_cpp/isolated_cmake_environment/build/_deps/boost-src/libs/fiber/include -I/home/kim/Documents/code/mio/backend_webrtc_cpp/isolated_cmake_environment/build/_deps/boost-src/libs/filesystem/include -I/home/kim/Documents/code/mio/backend_webrtc_cpp/isolated_cmake_environment/build/_deps/boost-src/libs/flyweight/include -I/home/kim/Documents/code/mio/backend_webrtc_cpp/isolated_cmake_environment/build/_deps/boost-src/libs/foreach/include -I/home/kim/Documents/code/mio/backend_webrtc_cpp/isolated_cmake_environment/build/_deps/boost-src/libs/format/include -I/home/kim/Documents/code/mio/backend_webrtc_cpp/isolated_cmake_environment/build/_deps/boost-src/libs/function/include -I/home/kim/Documents/code/mio/backend_webrtc_cpp/isolated_cmake_environment/build/_deps/boost-src/libs/function_types/include -I/home/kim/Documents/code/mio/backend_webrtc_cpp/isolated_cmake_environment/build/_deps/boost-src/libs/functional/include -I/home/kim/Documents/code/mio/backend_webrtc_cpp/isolated_cmake_environment/build/_deps/boost-src/libs/fusion/include -I/home/kim/Documents/code/mio/backend_webrtc_cpp/isolated_cmake_environment/build/_deps/boost-src/libs/geometry/include -I/home/kim/Documents/code/mio/backend_webrtc_cpp/isolated_cmake_environment/build/_deps/boost-src/libs/gil/include -I/home/kim/Documents/code/mio/backend_webrtc_cpp/isolated_cmake_environment/build/_deps/boost-src/libs/graph/include -I/home/kim/Documents/code/mio/backend_webrtc_cpp/isolated_cmake_environment/build/_deps/boost-src/libs/graph_parallel/include -I/home/kim/Documents/code/mio/backend_webrtc_cpp/isolated_cmake_environment/build/_deps/boost-src/libs/hana/include -I/home/kim/Documents/code/mio/backend_webrtc_cpp/isolated_cmake_environment/build/_deps/boost-src/libs/headers/include -I/home/kim/Documents/code/mio/backend_webrtc_cpp/isolated_cmake_environment/build/_deps/boost-src/libs/heap/include -I/home/kim/Documents/code/mio/backend_webrtc_cpp/isolated_cmake_environment/build/_deps/boost-src/libs/histogram/include -I/home/kim/Documents/code/mio/backend_webrtc_cpp/isolated_cmake_environment/build/_deps/boost-src/libs/hof/include -I/home/kim/Documents/code/mio/backend_webrtc_cpp/isolated_cmake_environment/build/_deps/boost-src/libs/icl/include -I/home/kim/Documents/code/mio/backend_webrtc_cpp/isolated_cmake_environment/build/_deps/boost-src/libs/integer/include -I/home/kim/Documents/code/mio/backend_webrtc_cpp/isolated_cmake_environment/build/_deps/boost-src/libs/interprocess/include -I/home/kim/Documents/code/mio/backend_webrtc_cpp/isolated_cmake_environment/build/_deps/boost-src/libs/intrusive/include -I/home/kim/Documents/code/mio/backend_webrtc_cpp/isolated_cmake_environment/build/_deps/boost-src/libs/io/include -I/home/kim/Documents/code/mio/backend_webrtc_cpp/isolated_cmake_environment/build/_deps/boost-src/libs/iostreams/include -I/home/kim/Documents/code/mio/backend_webrtc_cpp/isolated_cmake_environment/build/_deps/boost-src/libs/iterator/include -I/home/kim/Documents/code/mio/backend_webrtc_cpp/isolated_cmake_environment/build/_deps/boost-src/libs/json/include -I/home/kim/Documents/code/mio/backend_webrtc_cpp/isolated_cmake_environment/build/_deps/boost-src/libs/lambda/include -I/home/kim/Documents/code/mio/backend_webrtc_cpp/isolated_cmake_environment/build/_deps/boost-src/libs/lambda2/include -I/home/kim/Documents/code/mio/backend_webrtc_cpp/isolated_cmake_environment/build/_deps/boost-src/libs/leaf/include -I/home/kim/Documents/code/mio/backend_webrtc_cpp/isolated_cmake_environment/build/_deps/boost-src/libs/lexical_cast/include -I/home/kim/Documents/code/mio/backend_webrtc_cpp/isolated_cmake_environment/build/_deps/boost-src/libs/local_function/include -I/home/kim/Documents/code/mio/backend_webrtc_cpp/isolated_cmake_environment/build/_deps/boost-src/libs/locale/include -I/home/kim/Documents/code/mio/backend_webrtc_cpp/isolated_cmake_environment/build/_deps/boost-src/libs/lockfree/include -I/home/kim/Documents/code/mio/backend_webrtc_cpp/isolated_cmake_environment/build/_deps/boost-src/libs/log/include -I/home/kim/Documents/code/mio/backend_webrtc_cpp/isolated_cmake_environment/build/_deps/boost-src/libs/logic/include -I/home/kim/Documents/code/mio/backend_webrtc_cpp/isolated_cmake_environment/build/_deps/boost-src/libs/math/include -I/home/kim/Documents/code/mio/backend_webrtc_cpp/isolated_cmake_environment/build/_deps/boost-src/libs/metaparse/include -I/home/kim/Documents/code/mio/backend_webrtc_cpp/isolated_cmake_environment/build/_deps/boost-src/libs/move/include -I/home/kim/Documents/code/mio/backend_webrtc_cpp/isolated_cmake_environment/build/_deps/boost-src/libs/mp11/include -I/home/kim/Documents/code/mio/backend_webrtc_cpp/isolated_cmake_environment/build/_deps/boost-src/libs/mpi/include -I/home/kim/Documents/code/mio/backend_webrtc_cpp/isolated_cmake_environment/build/_deps/boost-src/libs/mpl/include -I/home/kim/Documents/code/mio/backend_webrtc_cpp/isolated_cmake_environment/build/_deps/boost-src/libs/msm/include -I/home/kim/Documents/code/mio/backend_webrtc_cpp/isolated_cmake_environment/build/_deps/boost-src/libs/multi_array/include -I/home/kim/Documents/code/mio/backend_webrtc_cpp/isolated_cmake_environment/build/_deps/boost-src/libs/multi_index/include -I/home/kim/Documents/code/mio/backend_webrtc_cpp/isolated_cmake_environment/build/_deps/boost-src/libs/multiprecision/include -I/home/kim/Documents/code/mio/backend_webrtc_cpp/isolated_cmake_environment/build/_deps/boost-src/libs/mysql/include -I/home/kim/Documents/code/mio/backend_webrtc_cpp/isolated_cmake_environment/build/_deps/boost-src/libs/nowide/include -I/home/kim/Documents/code/mio/backend_webrtc_cpp/isolated_cmake_environment/build/_deps/boost-src/libs/optional/include -I/home/kim/Documents/code/mio/backend_webrtc_cpp/isolated_cmake_environment/build/_deps/boost-src/libs/outcome/include -I/home/kim/Documents/code/mio/backend_webrtc_cpp/isolated_cmake_environment/build/_deps/boost-src/libs/parameter/include -I/home/kim/Documents/code/mio/backend_webrtc_cpp/isolated_cmake_environment/build/_deps/boost-src/libs/parameter_python/include -I/home/kim/Documents/code/mio/backend_webrtc_cpp/isolated_cmake_environment/build/_deps/boost-src/libs/pfr/include -I/home/kim/Documents/code/mio/backend_webrtc_cpp/isolated_cmake_environment/build/_deps/boost-src/libs/phoenix/include -I/home/kim/Documents/code/mio/backend_webrtc_cpp/isolated_cmake_environment/build/_deps/boost-src/libs/poly_collection/include -I/home/kim/Documents/code/mio/backend_webrtc_cpp/isolated_cmake_environment/build/_deps/boost-src/libs/polygon/include -I/home/kim/Documents/code/mio/backend_webrtc_cpp/isolated_cmake_environment/build/_deps/boost-src/libs/pool/include -I/home/kim/Documents/code/mio/backend_webrtc_cpp/isolated_cmake_environment/build/_deps/boost-src/libs/predef/include -I/home/kim/Documents/code/mio/backend_webrtc_cpp/isolated_cmake_environment/build/_deps/boost-src/libs/preprocessor/include -I/home/kim/Documents/code/mio/backend_webrtc_cpp/isolated_cmake_environment/build/_deps/boost-src/libs/process/include -I/home/kim/Documents/code/mio/backend_webrtc_cpp/isolated_cmake_environment/build/_deps/boost-src/libs/program_options/include -I/home/kim/Documents/code/mio/backend_webrtc_cpp/isolated_cmake_environment/build/_deps/boost-src/libs/property_map/include -I/home/kim/Documents/code/mio/backend_webrtc_cpp/isolated_cmake_environment/build/_deps/boost-src/libs/property_map_parallel/include -I/home/kim/Documents/code/mio/backend_webrtc_cpp/isolated_cmake_environment/build/_deps/boost-src/libs/property_tree/include -I/home/kim/Documents/code/mio/backend_webrtc_cpp/isolated_cmake_environment/build/_deps/boost-src/libs/proto/include -I/home/kim/Documents/code/mio/backend_webrtc_cpp/isolated_cmake_environment/build/_deps/boost-src/libs/ptr_container/include -I/home/kim/Documents/code/mio/backend_webrtc_cpp/isolated_cmake_environment/build/_deps/boost-src/libs/python/include -I/home/kim/Documents/code/mio/backend_webrtc_cpp/isolated_cmake_environment/build/_deps/boost-src/libs/qvm/include -I/home/kim/Documents/code/mio/backend_webrtc_cpp/isolated_cmake_environment/build/_deps/boost-src/libs/random/include -I/home/kim/Documents/code/mio/backend_webrtc_cpp/isolated_cmake_environment/build/_deps/boost-src/libs/range/include -I/home/kim/Documents/code/mio/backend_webrtc_cpp/isolated_cmake_environment/build/_deps/boost-src/libs/ratio/include -I/home/kim/Documents/code/mio/backend_webrtc_cpp/isolated_cmake_environment/build/_deps/boost-src/libs/rational/include -I/home/kim/Documents/code/mio/backend_webrtc_cpp/isolated_cmake_environment/build/_deps/boost-src/libs/redis/include -I/home/kim/Documents/code/mio/backend_webrtc_cpp/isolated_cmake_environment/build/_deps/boost-src/libs/regex/include -I/home/kim/Documents/code/mio/backend_webrtc_cpp/isolated_cmake_environment/build/_deps/boost-src/libs/safe_numerics/include -I/home/kim/Documents/code/mio/backend_webrtc_cpp/isolated_cmake_environment/build/_deps/boost-src/libs/scope/include -I/home/kim/Documents/code/mio/backend_webrtc_cpp/isolated_cmake_environment/build/_deps/boost-src/libs/scope_exit/include -I/home/kim/Documents/code/mio/backend_webrtc_cpp/isolated_cmake_environment/build/_deps/boost-src/libs/serialization/include -I/home/kim/Documents/code/mio/backend_webrtc_cpp/isolated_cmake_environment/build/_deps/boost-src/libs/signals2/include -I/home/kim/Documents/code/mio/backend_webrtc_cpp/isolated_cmake_environment/build/_deps/boost-src/libs/smart_ptr/include -I/home/kim/Documents/code/mio/backend_webrtc_cpp/isolated_cmake_environment/build/_deps/boost-src/libs/sort/include -I/home/kim/Documents/code/mio/backend_webrtc_cpp/isolated_cmake_environment/build/_deps/boost-src/libs/spirit/include -I/home/kim/Documents/code/mio/backend_webrtc_cpp/isolated_cmake_environment/build/_deps/boost-src/libs/stacktrace/include -I/home/kim/Documents/code/mio/backend_webrtc_cpp/isolated_cmake_environment/build/_deps/boost-src/libs/statechart/include -I/home/kim/Documents/code/mio/backend_webrtc_cpp/isolated_cmake_environment/build/_deps/boost-src/libs/static_assert/include -I/home/kim/Documents/code/mio/backend_webrtc_cpp/isolated_cmake_environment/build/_deps/boost-src/libs/static_string/include -I/home/kim/Documents/code/mio/backend_webrtc_cpp/isolated_cmake_environment/build/_deps/boost-src/libs/stl_interfaces/include -I/home/kim/Documents/code/mio/backend_webrtc_cpp/isolated_cmake_environment/build/_deps/boost-src/libs/system/include -I/home/kim/Documents/code/mio/backend_webrtc_cpp/isolated_cmake_environment/build/_deps/boost-src/libs/test/include -I/home/kim/Documents/code/mio/backend_webrtc_cpp/isolated_cmake_environment/build/_deps/boost-src/libs/thread/include -I/home/kim/Documents/code/mio/backend_webrtc_cpp/isolated_cmake_environment/build/_deps/boost-src/libs/throw_exception/include -I/home/kim/Documents/code/mio/backend_webrtc_cpp/isolated_cmake_environment/build/_deps/boost-src/libs/timer/include -I/home/kim/Documents/code/mio/backend_webrtc_cpp/isolated_cmake_environment/build/_deps/boost-src/libs/tokenizer/include -I/home/kim/Documents/code/mio/backend_webrtc_cpp/isolated_cmake_environment/build/_deps/boost-src/libs/tti/include -I/home/kim/Documents/code/mio/backend_webrtc_cpp/isolated_cmake_environment/build/_deps/boost-src/libs/tuple/include -I/home/kim/Documents/code/mio/backend_webrtc_cpp/isolated_cmake_environment/build/_deps/boost-src/libs/type_erasure/include -I/home/kim/Documents/code/mio/backend_webrtc_cpp/isolated_cmake_environment/build/_deps/boost-src/libs/type_index/include -I/home/kim/Documents/code/mio/backend_webrtc_cpp/isolated_cmake_environment/build/_deps/boost-src/libs/type_traits/include -I/home/kim/Documents/code/mio/backend_webrtc_cpp/isolated_cmake_environment/build/_deps/boost-src/libs/typeof/include -I/home/kim/Documents/code/mio/backend_webrtc_cpp/isolated_cmake_environment/build/_deps/boost-src/libs/units/include -I/home/kim/Documents/code/mio/backend_webrtc_cpp/isolated_cmake_environment/build/_deps/boost-src/libs/unordered/include -I/home/kim/Documents/code/mio/backend_webrtc_cpp/isolated_cmake_environment/build/_deps/boost-src/libs/url/include -I/home/kim/Documents/code/mio/backend_webrtc_cpp/isolated_cmake_environment/build/_deps/boost-src/libs/utility/include -I/home/kim/Documents/code/mio/backend_webrtc_cpp/isolated_cmake_environment/build/_deps/boost-src/libs/uuid/include -I/home/kim/Documents/code/mio/backend_webrtc_cpp/isolated_cmake_environment/build/_deps/boost-src/libs/variant/include -I/home/kim/Documents/code/mio/backend_webrtc_cpp/isolated_cmake_environment/build/_deps/boost-src/libs/variant2/include -I/home/kim/Documents/code/mio/backend_webrtc_cpp/isolated_cmake_environment/build/_deps/boost-src/libs/vmd/include -I/home/kim/Documents/code/mio/backend_webrtc_cpp/isolated_cmake_environment/build/_deps/boost-src/libs/wave/include -I/home/kim/Documents/code/mio/backend_webrtc_cpp/isolated_cmake_environment/build/_deps/boost-src/libs/winapi/include -I/home/kim/Documents/code/mio/backend_webrtc_cpp/isolated_cmake_environment/build/_deps/boost-src/libs/xpressive/include -I/home/kim/Documents/code/mio/backend_webrtc_cpp/isolated_cmake_environment/build/_deps/boost-src/libs/yap/include -std=gnu++20 -o CMakeFiles/cmTC_c12ca.dir/src.cxx.o -c /home/kim/Documents/code/mio/backend_webrtc_cpp/isolated_cmake_environment/build/CMakeFiles/CMakeTmp/src.cxx
In file included from /home/kim/Documents/code/mio/backend_webrtc_cpp/isolated_cmake_environment/build/CMakeFiles/CMakeTmp/src.cxx:1:
/home/kim/Documents/code/mio/backend_webrtc_cpp/isolated_cmake_environment/build/_deps/boost-src/libs/filesystem/config/has_stat_st_birthtimensec.cpp: In function ‘int main()’:
/home/kim/Documents/code/mio/backend_webrtc_cpp/isolated_cmake_environment/build/_deps/boost-src/libs/filesystem/config/has_stat_st_birthtimensec.cpp:17:8: error: ‘struct stat’ has no member named ‘st_birthtime’
   17 |     st.st_birthtime = 1;
      |        ^~~~~~~~~~~~
/home/kim/Documents/code/mio/backend_webrtc_cpp/isolated_cmake_environment/build/_deps/boost-src/libs/filesystem/config/has_stat_st_birthtimensec.cpp:18:8: error: ‘struct stat’ has no member named ‘st_birthtimensec’
   18 |     st.st_birthtimensec = 10;
      |        ^~~~~~~~~~~~~~~~
gmake[1]: *** [CMakeFiles/cmTC_c12ca.dir/build.make:78: CMakeFiles/cmTC_c12ca.dir/src.cxx.o] Error 1
gmake[1]: Leaving directory '/home/kim/Documents/code/mio/backend_webrtc_cpp/isolated_cmake_environment/build/CMakeFiles/CMakeTmp'
gmake: *** [Makefile:127: cmTC_c12ca/fast] Error 2


Source file was:
#include </home/kim/Documents/code/mio/backend_webrtc_cpp/isolated_cmake_environment/build/_deps/boost-src/libs/filesystem/config/has_stat_st_birthtimensec.cpp>
Performing C++ SOURCE FILE Test BOOST_FILESYSTEM_HAS_STAT_ST_BIRTHTIMESPEC failed with the following output:
Change Dir: /home/kim/Documents/code/mio/backend_webrtc_cpp/isolated_cmake_environment/build/CMakeFiles/CMakeTmp

Run Build Command(s):/usr/bin/gmake -f Makefile cmTC_bd9b6/fast && /usr/bin/gmake  -f CMakeFiles/cmTC_bd9b6.dir/build.make CMakeFiles/cmTC_bd9b6.dir/build
gmake[1]: Entering directory '/home/kim/Documents/code/mio/backend_webrtc_cpp/isolated_cmake_environment/build/CMakeFiles/CMakeTmp'
Building CXX object CMakeFiles/cmTC_bd9b6.dir/src.cxx.o
/usr/bin/c++ -DBOOST_FILESYSTEM_HAS_STAT_ST_BIRTHTIMESPEC -I/home/kim/Documents/code/mio/backend_webrtc_cpp/isolated_cmake_environment/build/_deps/boost-src/libs/filesystem/src -I/home/kim/Documents/code/mio/backend_webrtc_cpp/isolated_cmake_environment/build/_deps/boost-src/libs/accumulators/include -I/home/kim/Documents/code/mio/backend_webrtc_cpp/isolated_cmake_environment/build/_deps/boost-src/libs/algorithm/include -I/home/kim/Documents/code/mio/backend_webrtc_cpp/isolated_cmake_environment/build/_deps/boost-src/libs/align/include -I/home/kim/Documents/code/mio/backend_webrtc_cpp/isolated_cmake_environment/build/_deps/boost-src/libs/any/include -I/home/kim/Documents/code/mio/backend_webrtc_cpp/isolated_cmake_environment/build/_deps/boost-src/libs/array/include -I/home/kim/Documents/code/mio/backend_webrtc_cpp/isolated_cmake_environment/build/_deps/boost-src/libs/asio/include -I/home/kim/Documents/code/mio/backend_webrtc_cpp/isolated_cmake_environment/build/_deps/boost-src/libs/assert/include -I/home/kim/Documents/code/mio/backend_webrtc_cpp/isolated_cmake_environment/build/_deps/boost-src/libs/assign/include -I/home/kim/Documents/code/mio/backend_webrtc_cpp/isolated_cmake_environment/build/_deps/boost-src/libs/atomic/include -I/home/kim/Documents/code/mio/backend_webrtc_cpp/isolated_cmake_environment/build/_deps/boost-src/libs/beast/include -I/home/kim/Documents/code/mio/backend_webrtc_cpp/isolated_cmake_environment/build/_deps/boost-src/libs/bimap/include -I/home/kim/Documents/code/mio/backend_webrtc_cpp/isolated_cmake_environment/build/_deps/boost-src/libs/bind/include -I/home/kim/Documents/code/mio/backend_webrtc_cpp/isolated_cmake_environment/build/_deps/boost-src/libs/callable_traits/include -I/home/kim/Documents/code/mio/backend_webrtc_cpp/isolated_cmake_environment/build/_deps/boost-src/libs/charconv/include -I/home/kim/Documents/code/mio/backend_webrtc_cpp/isolated_cmake_environment/build/_deps/boost-src/libs/chrono/include -I/home/kim/Documents/code/mio/backend_webrtc_cpp/isolated_cmake_environment/build/_deps/boost-src/libs/circular_buffer/include -I/home/kim/Documents/code/mio/backend_webrtc_cpp/isolated_cmake_environment/build/_deps/boost-src/libs/cobalt/include -I/home/kim/Documents/code/mio/backend_webrtc_cpp/isolated_cmake_environment/build/_deps/boost-src/libs/compat/include -I/home/kim/Documents/code/mio/backend_webrtc_cpp/isolated_cmake_environment/build/_deps/boost-src/libs/compatibility/include -I/home/kim/Documents/code/mio/backend_webrtc_cpp/isolated_cmake_environment/build/_deps/boost-src/libs/compute/include -I/home/kim/Documents/code/mio/backend_webrtc_cpp/isolated_cmake_environment/build/_deps/boost-src/libs/concept_check/include -I/home/kim/Documents/code/mio/backend_webrtc_cpp/isolated_cmake_environment/build/_deps/boost-src/libs/config/include -I/home/kim/Documents/code/mio/backend_webrtc_cpp/isolated_cmake_environment/build/_deps/boost-src/libs/container/include -I/home/kim/Documents/code/mio/backend_webrtc_cpp/isolated_cmake_environment/build/_deps/boost-src/libs/container_hash/include -I/home/kim/Documents/code/mio/backend_webrtc_cpp/isolated_cmake_environment/build/_deps/boost-src/libs/context/include -I/home/kim/Documents/code/mio/backend_webrtc_cpp/isolated_cmake_environment/build/_deps/boost-src/libs/contract/include -I/home/kim/Documents/code/mio/backend_webrtc_cpp/isolated_cmake_environment/build/_deps/boost-src/libs/conversion/include -I/home/kim/Documents/code/mio/backend_webrtc_cpp/isolated_cmake_environment/build/_deps/boost-src/libs/convert/include -I/home/kim/Documents/code/mio/backend_webrtc_cpp/isolated_cmake_environment/build/_deps/boost-src/libs/core/include -I/home/kim/Documents/code/mio/backend_webrtc_cpp/isolated_cmake_environment/build/_deps/boost-src/libs/coroutine/include -I/home/kim/Documents/code/mio/backend_webrtc_cpp/isolated_cmake_environment/build/_deps/boost-src/libs/coroutine2/include -I/home/kim/Documents/code/mio/backend_webrtc_cpp/isolated_cmake_environment/build/_deps/boost-src/libs/crc/include -I/home/kim/Documents/code/mio/backend_webrtc_cpp/isolated_cmake_environment/build/_deps/boost-src/libs/date_time/include -I/home/kim/Documents/code/mio/backend_webrtc_cpp/isolated_cmake_environment/build/_deps/boost-src/libs/describe/include -I/home/kim/Documents/code/mio/backend_webrtc_cpp/isolated_cmake_environment/build/_deps/boost-src/libs/detail/include -I/home/kim/Documents/code/mio/backend_webrtc_cpp/isolated_cmake_environment/build/_deps/boost-src/libs/dll/include -I/home/kim/Documents/code/mio/backend_webrtc_cpp/isolated_cmake_environment/build/_deps/boost-src/libs/dynamic_bitset/include -I/home/kim/Documents/code/mio/backend_webrtc_cpp/isolated_cmake_environment/build/_deps/boost-src/libs/endian/include -I/home/kim/Documents/code/mio/backend_webrtc_cpp/isolated_cmake_environment/build/_deps/boost-src/libs/exception/include -I/home/kim/Documents/code/mio/backend_webrtc_cpp/isolated_cmake_environment/build/_deps/boost-src/libs/fiber/include -I/home/kim/Documents/code/mio/backend_webrtc_cpp/isolated_cmake_environment/build/_deps/boost-src/libs/filesystem/include -I/home/kim/Documents/code/mio/backend_webrtc_cpp/isolated_cmake_environment/build/_deps/boost-src/libs/flyweight/include -I/home/kim/Documents/code/mio/backend_webrtc_cpp/isolated_cmake_environment/build/_deps/boost-src/libs/foreach/include -I/home/kim/Documents/code/mio/backend_webrtc_cpp/isolated_cmake_environment/build/_deps/boost-src/libs/format/include -I/home/kim/Documents/code/mio/backend_webrtc_cpp/isolated_cmake_environment/build/_deps/boost-src/libs/function/include -I/home/kim/Documents/code/mio/backend_webrtc_cpp/isolated_cmake_environment/build/_deps/boost-src/libs/function_types/include -I/home/kim/Documents/code/mio/backend_webrtc_cpp/isolated_cmake_environment/build/_deps/boost-src/libs/functional/include -I/home/kim/Documents/code/mio/backend_webrtc_cpp/isolated_cmake_environment/build/_deps/boost-src/libs/fusion/include -I/home/kim/Documents/code/mio/backend_webrtc_cpp/isolated_cmake_environment/build/_deps/boost-src/libs/geometry/include -I/home/kim/Documents/code/mio/backend_webrtc_cpp/isolated_cmake_environment/build/_deps/boost-src/libs/gil/include -I/home/kim/Documents/code/mio/backend_webrtc_cpp/isolated_cmake_environment/build/_deps/boost-src/libs/graph/include -I/home/kim/Documents/code/mio/backend_webrtc_cpp/isolated_cmake_environment/build/_deps/boost-src/libs/graph_parallel/include -I/home/kim/Documents/code/mio/backend_webrtc_cpp/isolated_cmake_environment/build/_deps/boost-src/libs/hana/include -I/home/kim/Documents/code/mio/backend_webrtc_cpp/isolated_cmake_environment/build/_deps/boost-src/libs/headers/include -I/home/kim/Documents/code/mio/backend_webrtc_cpp/isolated_cmake_environment/build/_deps/boost-src/libs/heap/include -I/home/kim/Documents/code/mio/backend_webrtc_cpp/isolated_cmake_environment/build/_deps/boost-src/libs/histogram/include -I/home/kim/Documents/code/mio/backend_webrtc_cpp/isolated_cmake_environment/build/_deps/boost-src/libs/hof/include -I/home/kim/Documents/code/mio/backend_webrtc_cpp/isolated_cmake_environment/build/_deps/boost-src/libs/icl/include -I/home/kim/Documents/code/mio/backend_webrtc_cpp/isolated_cmake_environment/build/_deps/boost-src/libs/integer/include -I/home/kim/Documents/code/mio/backend_webrtc_cpp/isolated_cmake_environment/build/_deps/boost-src/libs/interprocess/include -I/home/kim/Documents/code/mio/backend_webrtc_cpp/isolated_cmake_environment/build/_deps/boost-src/libs/intrusive/include -I/home/kim/Documents/code/mio/backend_webrtc_cpp/isolated_cmake_environment/build/_deps/boost-src/libs/io/include -I/home/kim/Documents/code/mio/backend_webrtc_cpp/isolated_cmake_environment/build/_deps/boost-src/libs/iostreams/include -I/home/kim/Documents/code/mio/backend_webrtc_cpp/isolated_cmake_environment/build/_deps/boost-src/libs/iterator/include -I/home/kim/Documents/code/mio/backend_webrtc_cpp/isolated_cmake_environment/build/_deps/boost-src/libs/json/include -I/home/kim/Documents/code/mio/backend_webrtc_cpp/isolated_cmake_environment/build/_deps/boost-src/libs/lambda/include -I/home/kim/Documents/code/mio/backend_webrtc_cpp/isolated_cmake_environment/build/_deps/boost-src/libs/lambda2/include -I/home/kim/Documents/code/mio/backend_webrtc_cpp/isolated_cmake_environment/build/_deps/boost-src/libs/leaf/include -I/home/kim/Documents/code/mio/backend_webrtc_cpp/isolated_cmake_environment/build/_deps/boost-src/libs/lexical_cast/include -I/home/kim/Documents/code/mio/backend_webrtc_cpp/isolated_cmake_environment/build/_deps/boost-src/libs/local_function/include -I/home/kim/Documents/code/mio/backend_webrtc_cpp/isolated_cmake_environment/build/_deps/boost-src/libs/locale/include -I/home/kim/Documents/code/mio/backend_webrtc_cpp/isolated_cmake_environment/build/_deps/boost-src/libs/lockfree/include -I/home/kim/Documents/code/mio/backend_webrtc_cpp/isolated_cmake_environment/build/_deps/boost-src/libs/log/include -I/home/kim/Documents/code/mio/backend_webrtc_cpp/isolated_cmake_environment/build/_deps/boost-src/libs/logic/include -I/home/kim/Documents/code/mio/backend_webrtc_cpp/isolated_cmake_environment/build/_deps/boost-src/libs/math/include -I/home/kim/Documents/code/mio/backend_webrtc_cpp/isolated_cmake_environment/build/_deps/boost-src/libs/metaparse/include -I/home/kim/Documents/code/mio/backend_webrtc_cpp/isolated_cmake_environment/build/_deps/boost-src/libs/move/include -I/home/kim/Documents/code/mio/backend_webrtc_cpp/isolated_cmake_environment/build/_deps/boost-src/libs/mp11/include -I/home/kim/Documents/code/mio/backend_webrtc_cpp/isolated_cmake_environment/build/_deps/boost-src/libs/mpi/include -I/home/kim/Documents/code/mio/backend_webrtc_cpp/isolated_cmake_environment/build/_deps/boost-src/libs/mpl/include -I/home/kim/Documents/code/mio/backend_webrtc_cpp/isolated_cmake_environment/build/_deps/boost-src/libs/msm/include -I/home/kim/Documents/code/mio/backend_webrtc_cpp/isolated_cmake_environment/build/_deps/boost-src/libs/multi_array/include -I/home/kim/Documents/code/mio/backend_webrtc_cpp/isolated_cmake_environment/build/_deps/boost-src/libs/multi_index/include -I/home/kim/Documents/code/mio/backend_webrtc_cpp/isolated_cmake_environment/build/_deps/boost-src/libs/multiprecision/include -I/home/kim/Documents/code/mio/backend_webrtc_cpp/isolated_cmake_environment/build/_deps/boost-src/libs/mysql/include -I/home/kim/Documents/code/mio/backend_webrtc_cpp/isolated_cmake_environment/build/_deps/boost-src/libs/nowide/include -I/home/kim/Documents/code/mio/backend_webrtc_cpp/isolated_cmake_environment/build/_deps/boost-src/libs/optional/include -I/home/kim/Documents/code/mio/backend_webrtc_cpp/isolated_cmake_environment/build/_deps/boost-src/libs/outcome/include -I/home/kim/Documents/code/mio/backend_webrtc_cpp/isolated_cmake_environment/build/_deps/boost-src/libs/parameter/include -I/home/kim/Documents/code/mio/backend_webrtc_cpp/isolated_cmake_environment/build/_deps/boost-src/libs/parameter_python/include -I/home/kim/Documents/code/mio/backend_webrtc_cpp/isolated_cmake_environment/build/_deps/boost-src/libs/pfr/include -I/home/kim/Documents/code/mio/backend_webrtc_cpp/isolated_cmake_environment/build/_deps/boost-src/libs/phoenix/include -I/home/kim/Documents/code/mio/backend_webrtc_cpp/isolated_cmake_environment/build/_deps/boost-src/libs/poly_collection/include -I/home/kim/Documents/code/mio/backend_webrtc_cpp/isolated_cmake_environment/build/_deps/boost-src/libs/polygon/include -I/home/kim/Documents/code/mio/backend_webrtc_cpp/isolated_cmake_environment/build/_deps/boost-src/libs/pool/include -I/home/kim/Documents/code/mio/backend_webrtc_cpp/isolated_cmake_environment/build/_deps/boost-src/libs/predef/include -I/home/kim/Documents/code/mio/backend_webrtc_cpp/isolated_cmake_environment/build/_deps/boost-src/libs/preprocessor/include -I/home/kim/Documents/code/mio/backend_webrtc_cpp/isolated_cmake_environment/build/_deps/boost-src/libs/process/include -I/home/kim/Documents/code/mio/backend_webrtc_cpp/isolated_cmake_environment/build/_deps/boost-src/libs/program_options/include -I/home/kim/Documents/code/mio/backend_webrtc_cpp/isolated_cmake_environment/build/_deps/boost-src/libs/property_map/include -I/home/kim/Documents/code/mio/backend_webrtc_cpp/isolated_cmake_environment/build/_deps/boost-src/libs/property_map_parallel/include -I/home/kim/Documents/code/mio/backend_webrtc_cpp/isolated_cmake_environment/build/_deps/boost-src/libs/property_tree/include -I/home/kim/Documents/code/mio/backend_webrtc_cpp/isolated_cmake_environment/build/_deps/boost-src/libs/proto/include -I/home/kim/Documents/code/mio/backend_webrtc_cpp/isolated_cmake_environment/build/_deps/boost-src/libs/ptr_container/include -I/home/kim/Documents/code/mio/backend_webrtc_cpp/isolated_cmake_environment/build/_deps/boost-src/libs/python/include -I/home/kim/Documents/code/mio/backend_webrtc_cpp/isolated_cmake_environment/build/_deps/boost-src/libs/qvm/include -I/home/kim/Documents/code/mio/backend_webrtc_cpp/isolated_cmake_environment/build/_deps/boost-src/libs/random/include -I/home/kim/Documents/code/mio/backend_webrtc_cpp/isolated_cmake_environment/build/_deps/boost-src/libs/range/include -I/home/kim/Documents/code/mio/backend_webrtc_cpp/isolated_cmake_environment/build/_deps/boost-src/libs/ratio/include -I/home/kim/Documents/code/mio/backend_webrtc_cpp/isolated_cmake_environment/build/_deps/boost-src/libs/rational/include -I/home/kim/Documents/code/mio/backend_webrtc_cpp/isolated_cmake_environment/build/_deps/boost-src/libs/redis/include -I/home/kim/Documents/code/mio/backend_webrtc_cpp/isolated_cmake_environment/build/_deps/boost-src/libs/regex/include -I/home/kim/Documents/code/mio/backend_webrtc_cpp/isolated_cmake_environment/build/_deps/boost-src/libs/safe_numerics/include -I/home/kim/Documents/code/mio/backend_webrtc_cpp/isolated_cmake_environment/build/_deps/boost-src/libs/scope/include -I/home/kim/Documents/code/mio/backend_webrtc_cpp/isolated_cmake_environment/build/_deps/boost-src/libs/scope_exit/include -I/home/kim/Documents/code/mio/backend_webrtc_cpp/isolated_cmake_environment/build/_deps/boost-src/libs/serialization/include -I/home/kim/Documents/code/mio/backend_webrtc_cpp/isolated_cmake_environment/build/_deps/boost-src/libs/signals2/include -I/home/kim/Documents/code/mio/backend_webrtc_cpp/isolated_cmake_environment/build/_deps/boost-src/libs/smart_ptr/include -I/home/kim/Documents/code/mio/backend_webrtc_cpp/isolated_cmake_environment/build/_deps/boost-src/libs/sort/include -I/home/kim/Documents/code/mio/backend_webrtc_cpp/isolated_cmake_environment/build/_deps/boost-src/libs/spirit/include -I/home/kim/Documents/code/mio/backend_webrtc_cpp/isolated_cmake_environment/build/_deps/boost-src/libs/stacktrace/include -I/home/kim/Documents/code/mio/backend_webrtc_cpp/isolated_cmake_environment/build/_deps/boost-src/libs/statechart/include -I/home/kim/Documents/code/mio/backend_webrtc_cpp/isolated_cmake_environment/build/_deps/boost-src/libs/static_assert/include -I/home/kim/Documents/code/mio/backend_webrtc_cpp/isolated_cmake_environment/build/_deps/boost-src/libs/static_string/include -I/home/kim/Documents/code/mio/backend_webrtc_cpp/isolated_cmake_environment/build/_deps/boost-src/libs/stl_interfaces/include -I/home/kim/Documents/code/mio/backend_webrtc_cpp/isolated_cmake_environment/build/_deps/boost-src/libs/system/include -I/home/kim/Documents/code/mio/backend_webrtc_cpp/isolated_cmake_environment/build/_deps/boost-src/libs/test/include -I/home/kim/Documents/code/mio/backend_webrtc_cpp/isolated_cmake_environment/build/_deps/boost-src/libs/thread/include -I/home/kim/Documents/code/mio/backend_webrtc_cpp/isolated_cmake_environment/build/_deps/boost-src/libs/throw_exception/include -I/home/kim/Documents/code/mio/backend_webrtc_cpp/isolated_cmake_environment/build/_deps/boost-src/libs/timer/include -I/home/kim/Documents/code/mio/backend_webrtc_cpp/isolated_cmake_environment/build/_deps/boost-src/libs/tokenizer/include -I/home/kim/Documents/code/mio/backend_webrtc_cpp/isolated_cmake_environment/build/_deps/boost-src/libs/tti/include -I/home/kim/Documents/code/mio/backend_webrtc_cpp/isolated_cmake_environment/build/_deps/boost-src/libs/tuple/include -I/home/kim/Documents/code/mio/backend_webrtc_cpp/isolated_cmake_environment/build/_deps/boost-src/libs/type_erasure/include -I/home/kim/Documents/code/mio/backend_webrtc_cpp/isolated_cmake_environment/build/_deps/boost-src/libs/type_index/include -I/home/kim/Documents/code/mio/backend_webrtc_cpp/isolated_cmake_environment/build/_deps/boost-src/libs/type_traits/include -I/home/kim/Documents/code/mio/backend_webrtc_cpp/isolated_cmake_environment/build/_deps/boost-src/libs/typeof/include -I/home/kim/Documents/code/mio/backend_webrtc_cpp/isolated_cmake_environment/build/_deps/boost-src/libs/units/include -I/home/kim/Documents/code/mio/backend_webrtc_cpp/isolated_cmake_environment/build/_deps/boost-src/libs/unordered/include -I/home/kim/Documents/code/mio/backend_webrtc_cpp/isolated_cmake_environment/build/_deps/boost-src/libs/url/include -I/home/kim/Documents/code/mio/backend_webrtc_cpp/isolated_cmake_environment/build/_deps/boost-src/libs/utility/include -I/home/kim/Documents/code/mio/backend_webrtc_cpp/isolated_cmake_environment/build/_deps/boost-src/libs/uuid/include -I/home/kim/Documents/code/mio/backend_webrtc_cpp/isolated_cmake_environment/build/_deps/boost-src/libs/variant/include -I/home/kim/Documents/code/mio/backend_webrtc_cpp/isolated_cmake_environment/build/_deps/boost-src/libs/variant2/include -I/home/kim/Documents/code/mio/backend_webrtc_cpp/isolated_cmake_environment/build/_deps/boost-src/libs/vmd/include -I/home/kim/Documents/code/mio/backend_webrtc_cpp/isolated_cmake_environment/build/_deps/boost-src/libs/wave/include -I/home/kim/Documents/code/mio/backend_webrtc_cpp/isolated_cmake_environment/build/_deps/boost-src/libs/winapi/include -I/home/kim/Documents/code/mio/backend_webrtc_cpp/isolated_cmake_environment/build/_deps/boost-src/libs/xpressive/include -I/home/kim/Documents/code/mio/backend_webrtc_cpp/isolated_cmake_environment/build/_deps/boost-src/libs/yap/include -std=gnu++20 -o CMakeFiles/cmTC_bd9b6.dir/src.cxx.o -c /home/kim/Documents/code/mio/backend_webrtc_cpp/isolated_cmake_environment/build/CMakeFiles/CMakeTmp/src.cxx
In file included from /home/kim/Documents/code/mio/backend_webrtc_cpp/isolated_cmake_environment/build/CMakeFiles/CMakeTmp/src.cxx:1:
/home/kim/Documents/code/mio/backend_webrtc_cpp/isolated_cmake_environment/build/_deps/boost-src/libs/filesystem/config/has_stat_st_birthtimespec.cpp: In function ‘int main()’:
/home/kim/Documents/code/mio/backend_webrtc_cpp/isolated_cmake_environment/build/_deps/boost-src/libs/filesystem/config/has_stat_st_birthtimespec.cpp:17:8: error: ‘struct stat’ has no member named ‘st_birthtimespec’
   17 |     st.st_birthtimespec.tv_sec = 1;
      |        ^~~~~~~~~~~~~~~~
/home/kim/Documents/code/mio/backend_webrtc_cpp/isolated_cmake_environment/build/_deps/boost-src/libs/filesystem/config/has_stat_st_birthtimespec.cpp:18:8: error: ‘struct stat’ has no member named ‘st_birthtimespec’
   18 |     st.st_birthtimespec.tv_nsec = 10;
      |        ^~~~~~~~~~~~~~~~
gmake[1]: *** [CMakeFiles/cmTC_bd9b6.dir/build.make:78: CMakeFiles/cmTC_bd9b6.dir/src.cxx.o] Error 1
gmake[1]: Leaving directory '/home/kim/Documents/code/mio/backend_webrtc_cpp/isolated_cmake_environment/build/CMakeFiles/CMakeTmp'
gmake: *** [Makefile:127: cmTC_bd9b6/fast] Error 2


Source file was:
#include </home/kim/Documents/code/mio/backend_webrtc_cpp/isolated_cmake_environment/build/_deps/boost-src/libs/filesystem/config/has_stat_st_birthtimespec.cpp>
Performing C++ SOURCE FILE Test BOOST_STACKTRACE_HAS_WINDBG failed with the following output:
Change Dir: /home/kim/Documents/code/mio/backend_webrtc_cpp/isolated_cmake_environment/build/CMakeFiles/CMakeTmp

Run Build Command(s):/usr/bin/gmake -f Makefile cmTC_a57c4/fast && /usr/bin/gmake  -f CMakeFiles/cmTC_a57c4.dir/build.make CMakeFiles/cmTC_a57c4.dir/build
gmake[1]: Entering directory '/home/kim/Documents/code/mio/backend_webrtc_cpp/isolated_cmake_environment/build/CMakeFiles/CMakeTmp'
Building CXX object CMakeFiles/cmTC_a57c4.dir/src.cxx.o
/usr/bin/c++ -DBOOST_STACKTRACE_HAS_WINDBG -I/home/kim/Documents/code/mio/backend_webrtc_cpp/isolated_cmake_environment/build/_deps/boost-src/libs/stacktrace/build -std=gnu++20 -o CMakeFiles/cmTC_a57c4.dir/src.cxx.o -c /home/kim/Documents/code/mio/backend_webrtc_cpp/isolated_cmake_environment/build/CMakeFiles/CMakeTmp/src.cxx
In file included from /home/kim/Documents/code/mio/backend_webrtc_cpp/isolated_cmake_environment/build/CMakeFiles/CMakeTmp/src.cxx:1:
/home/kim/Documents/code/mio/backend_webrtc_cpp/isolated_cmake_environment/build/_deps/boost-src/libs/stacktrace/build/has_windbg.cpp:8:10: fatal error: windows.h: No such file or directory
    8 | #include <windows.h>
      |          ^~~~~~~~~~~
compilation terminated.
gmake[1]: *** [CMakeFiles/cmTC_a57c4.dir/build.make:78: CMakeFiles/cmTC_a57c4.dir/src.cxx.o] Error 1
gmake[1]: Leaving directory '/home/kim/Documents/code/mio/backend_webrtc_cpp/isolated_cmake_environment/build/CMakeFiles/CMakeTmp'
gmake: *** [Makefile:127: cmTC_a57c4/fast] Error 2


Source file was:
#include "has_windbg.cpp"
Performing C++ SOURCE FILE Test BOOST_STACKTRACE_HAS_WINDBG_CACHED failed with the following output:
Change Dir: /home/kim/Documents/code/mio/backend_webrtc_cpp/isolated_cmake_environment/build/CMakeFiles/CMakeTmp

Run Build Command(s):/usr/bin/gmake -f Makefile cmTC_77a5f/fast && /usr/bin/gmake  -f CMakeFiles/cmTC_77a5f.dir/build.make CMakeFiles/cmTC_77a5f.dir/build
gmake[1]: Entering directory '/home/kim/Documents/code/mio/backend_webrtc_cpp/isolated_cmake_environment/build/CMakeFiles/CMakeTmp'
Building CXX object CMakeFiles/cmTC_77a5f.dir/src.cxx.o
/usr/bin/c++ -DBOOST_STACKTRACE_HAS_WINDBG_CACHED -I/home/kim/Documents/code/mio/backend_webrtc_cpp/isolated_cmake_environment/build/_deps/boost-src/libs/stacktrace/../config/include -I/home/kim/Documents/code/mio/backend_webrtc_cpp/isolated_cmake_environment/build/_deps/boost-src/libs/stacktrace/build -std=gnu++20 -o CMakeFiles/cmTC_77a5f.dir/src.cxx.o -c /home/kim/Documents/code/mio/backend_webrtc_cpp/isolated_cmake_environment/build/CMakeFiles/CMakeTmp/src.cxx
In file included from /home/kim/Documents/code/mio/backend_webrtc_cpp/isolated_cmake_environment/build/CMakeFiles/CMakeTmp/src.cxx:1:
/home/kim/Documents/code/mio/backend_webrtc_cpp/isolated_cmake_environment/build/_deps/boost-src/libs/stacktrace/build/has_windbg_cached.cpp:11:10: fatal error: windows.h: No such file or directory
   11 | #include <windows.h>
      |          ^~~~~~~~~~~
compilation terminated.
gmake[1]: *** [CMakeFiles/cmTC_77a5f.dir/build.make:78: CMakeFiles/cmTC_77a5f.dir/src.cxx.o] Error 1
gmake[1]: Leaving directory '/home/kim/Documents/code/mio/backend_webrtc_cpp/isolated_cmake_environment/build/CMakeFiles/CMakeTmp'
gmake: *** [Makefile:127: cmTC_77a5f/fast] Error 2


Source file was:
#include "has_windbg_cached.cpp"
